#
# A fatal error has been detected by the Java Runtime Environment:
#
#  EXCEPTION_ACCESS_VIOLATION (0xc0000005) at pc=0x00007ff86330b450, pid=15380, tid=5272
#
# JRE version: OpenJDK Runtime Environment (11.0.11+9) (build 11.0.11+9-b60-7590822)
# Java VM: OpenJDK 64-Bit Server VM (11.0.11+9-b60-7590822, mixed mode, tiered, compressed oops, g1 gc, windows-amd64)
# Problematic frame:
# V  [jvm.dll+0x6bb450]
#
# No core dump will be written. Minidumps are not enabled by default on client versions of Windows
#
# If you would like to submit a bug report, please visit:
#   https://bugreport.java.com/bugreport/crash.jsp
#

---------------  S U M M A R Y ------------

Command Line: --add-opens=java.base/java.util=ALL-UNNAMED --add-opens=java.base/java.lang=ALL-UNNAMED --add-opens=java.base/java.lang.invoke=ALL-UNNAMED --add-opens=java.base/java.util=ALL-UNNAMED --add-opens=java.prefs/java.util.prefs=ALL-UNNAMED --add-opens=java.prefs/java.util.prefs=ALL-UNNAMED --add-opens=java.base/java.nio.charset=ALL-UNNAMED --add-opens=java.base/java.net=ALL-UNNAMED --add-opens=java.base/java.util.concurrent.atomic=ALL-UNNAMED -Xmx2048m -Dfile.encoding=UTF-8 -Duser.country=RU -Duser.language=ru -Duser.variant org.gradle.launcher.daemon.bootstrap.GradleDaemon 7.2

Host: Intel(R) Core(TM) i7-6700K CPU @ 4.00GHz, 8 cores, 15G,  Windows 10 , 64 bit Build 19041 (10.0.19041.1566)
Time: Sun Mar 27 19:51:54 2022 RTZ 2 (зима) elapsed time: 13656.184111 seconds (0d 3h 47m 36s)

---------------  T H R E A D  ---------------

Current thread (0x000002cd639d7800):  GCTaskThread "GC Thread#2" [stack: 0x000000eecd800000,0x000000eecd900000] [id=5272]

Stack: [0x000000eecd800000,0x000000eecd900000],  sp=0x000000eecd8ff820,  free space=1022k
Native frames: (J=compiled Java code, j=interpreted, Vv=VM code, C=native code)
V  [jvm.dll+0x6bb450]
V  [jvm.dll+0x6bc194]
V  [jvm.dll+0x2de87e]
V  [jvm.dll+0x2de50d]
V  [jvm.dll+0x74d230]
V  [jvm.dll+0x6e80b5]
V  [jvm.dll+0x5f1036]
C  [ucrtbase.dll+0x21bb2]
C  [KERNEL32.DLL+0x17034]
C  [ntdll.dll+0x52651]


siginfo: EXCEPTION_ACCESS_VIOLATION (0xc0000005), reading address 0x00000000ae7680fe


Register to memory mapping:

RIP=0x00007ff86330b450 jvm.dll
RAX=0x000000000000d81a is an unknown value
RBX=
[error occurred during error reporting (printing register info), id 0xc0000005, EXCEPTION_ACCESS_VIOLATION (0xc0000005) at pc=0x00007ff862f2abc7]

Registers:
RAX=0x000000000000d81a, RBX=0x00000000ae7680f6, RCX=0x000002cd63091748, RDX=0x0000000000000020
RSP=0x000000eecd8ff820, RBP=0x000000eecd8ff880, RSI=0x000002cd63099980, RDI=0x000000eecd8ff8d0
R8 =0x000000eecd8ff880, R9 =0x0000000000000001, R10=0x0000000000008000, R11=0x000000eecd8ff780
R12=0x0000000000000013, R13=0x0000000000000000, R14=0x0000000000019668, R15=0x0000000000019668
RIP=0x00007ff86330b450, EFLAGS=0x0000000000010206

Top of Stack: (sp=0x000000eecd8ff820)
0x000000eecd8ff820:   0000000000000000 000002cd00000000
0x000000eecd8ff830:   0000000000000000 000000eecd8ff8f0
0x000000eecd8ff840:   0000000000000000 000002cd639d7800
0x000000eecd8ff850:   000000eeccafed30 00007ff86330c194
0x000000eecd8ff860:   0000000000004e2b 000000eecd8ff908
0x000000eecd8ff870:   000000eecd8ff8d0 0000000000000000
0x000000eecd8ff880:   0000005500007560 000002cd6a8ed5f8
0x000000eecd8ff890:   000002cd66ea66d8 0000000000001eca
0x000000eecd8ff8a0:   0000000000000002 00007ff862f2e87e
0x000000eecd8ff8b0:   000000eeccafed50 0000000000000002
0x000000eecd8ff8c0:   0000000000000002 000002cd639d7800
0x000000eecd8ff8d0:   000002cd00000000 000002cd46180540
0x000000eecd8ff8e0:   000002cd46180540 00007ff862f2e50d
0x000000eecd8ff8f0:   000002cd00001eca 000000eeccafedd0
0x000000eecd8ff900:   000000ee00000000 0000000000000000
0x000000eecd8ff910:   00000000000075a3 00007ff86339d230 

Instructions: (pc=0x00007ff86330b450)
0x00007ff86330b350:   8d 14 cd 00 00 00 00 49 8b 4d 08 48 03 ca 48 89
0x00007ff86330b360:   4c 24 30 48 8b 09 48 89 48 08 49 03 55 08 48 89
0x00007ff86330b370:   54 24 38 48 89 02 41 ff 45 2c 48 8b 84 24 90 00
0x00007ff86330b380:   00 00 48 8b 10 48 8b 84 24 b0 00 00 00 48 63 0c
0x00007ff86330b390:   18 48 8b 42 08 c6 44 08 04 01 48 89 7c ca 40 48
0x00007ff86330b3a0:   8b bc 24 b0 00 00 00 48 8b 8c 24 b8 00 00 00 48
0x00007ff86330b3b0:   ff c6 48 83 c3 04 49 3b f7 0f 8c 51 fe ff ff b0
0x00007ff86330b3c0:   01 4c 8b 74 24 40 4c 8b 64 24 48 48 8b 7c 24 50
0x00007ff86330b3d0:   48 8b 74 24 58 48 8b ac 24 80 00 00 00 48 83 c4
0x00007ff86330b3e0:   60 41 5f 41 5d 5b c3 32 c0 eb d6 cc cc cc cc cc
0x00007ff86330b3f0:   3b ca 0f 8d d2 00 00 00 55 48 83 ec 30 48 89 5c
0x00007ff86330b400:   24 40 2b d1 48 89 74 24 48 49 8b e8 48 89 7c 24
0x00007ff86330b410:   50 4c 89 64 24 58 4c 89 74 24 28 48 63 c1 4c 89
0x00007ff86330b420:   7c 24 20 44 8b e2 4c 8d 34 c5 00 00 00 00 4d 8b
0x00007ff86330b430:   fe 48 8b 05 68 dc 35 00 48 8b 58 08 49 8d 34 1f
0x00007ff86330b440:   49 8b 1c 1e 48 85 db 74 50 0f 1f 80 00 00 00 00
0x00007ff86330b450:   f6 43 08 01 74 09 83 3d 13 16 34 00 00 74 3a 48
0x00007ff86330b460:   8b 4b 10 ff 45 00 0f b7 41 02 66 85 c0 75 1d e8
0x00007ff86330b470:   dc ed ef ff 48 8b 43 08 48 8b d3 48 83 e0 fe 48
0x00007ff86330b480:   8b cd 48 89 06 e8 e6 3f c8 ff eb 04 48 8d 73 08
0x00007ff86330b490:   48 8b 1e 48 83 e3 fe 75 b7 49 83 c7 08 49 83 c6
0x00007ff86330b4a0:   08 49 83 ec 01 75 8a 4c 8b 7c 24 20 4c 8b 74 24
0x00007ff86330b4b0:   28 4c 8b 64 24 58 48 8b 7c 24 50 48 8b 74 24 48
0x00007ff86330b4c0:   48 8b 5c 24 40 48 83 c4 30 5d c3 cc cc cc cc cc
0x00007ff86330b4d0:   40 55 48 83 ec 30 48 8b e9 84 d2 75 1e 48 8b d1
0x00007ff86330b4e0:   4c 8d 05 b9 10 1c 00 48 8b 0d b2 db 35 00 45 33
0x00007ff86330b4f0:   c9 48 83 c4 30 5d e9 85 47 c8 ff 48 8d 15 ce 52
0x00007ff86330b500:   1a 00 4c 89 74 24 28 e8 64 8e f3 ff 48 8b 05 8d
0x00007ff86330b510:   db 35 00 45 33 f6 44 39 30 0f 8e 97 00 00 00 48
0x00007ff86330b520:   89 5c 24 40 48 89 74 24 48 48 89 7c 24 50 4c 89
0x00007ff86330b530:   7c 24 20 45 8b fe 66 66 0f 1f 84 00 00 00 00 00
0x00007ff86330b540:   48 8b 40 08 49 8b 1c 07 48 85 db 74 42 0f 1f 00 


Stack slot to memory mapping:
stack at sp + 0 slots: 0x0 is NULL
stack at sp + 1 slots: 0x000002cd00000000 is an unknown value
stack at sp + 2 slots: 0x0 is NULL
stack at sp + 3 slots: 0x000000eecd8ff8f0 points into unknown readable memory: 0x000002cd00001eca | ca 1e 00 00 cd 02 00 00
stack at sp + 4 slots: 0x0 is NULL
stack at sp + 5 slots: 0x000002cd639d7800 points into unknown readable memory: 0x00007ff8634f2d90 | 90 2d 4f 63 f8 7f 00 00
stack at sp + 6 slots: 0x000000eeccafed30 points into unknown readable memory: 0x00007ff863472648 | 48 26 47 63 f8 7f 00 00
stack at sp + 7 slots: 0x00007ff86330c194 jvm.dll


---------------  P R O C E S S  ---------------

Threads class SMR info:
_java_thread_list=0x000002cd68e935b0, length=141, elements={
0x000002cd463a6000, 0x000002cd6280a000, 0x000002cd6303d000, 0x000002cd6305f800,
0x000002cd63061800, 0x000002cd63063000, 0x000002cd630b6800, 0x000002cd630ba800,
0x000002cd630bb800, 0x000002cd6323e800, 0x000002cd64c9f800, 0x000002cd63d0c000,
0x000002cd65cdf000, 0x000002cd658b5800, 0x000002cd658b3000, 0x000002cd658b8000,
0x000002cd658b6800, 0x000002cd658b9800, 0x000002cd68959000, 0x000002cd6895a800,
0x000002cd68955000, 0x000002cd6895b800, 0x000002cd6895c800, 0x000002cd6a33c000,
0x000002cd6a342800, 0x000002cd6a33d000, 0x000002cd6a343800, 0x000002cd6a344000,
0x000002cd6a33e800, 0x000002cd6a34a000, 0x000002cd67051800, 0x000002cd67052800,
0x000002cd69f38800, 0x000002cd6c527000, 0x000002cd66b32800, 0x000002cd6a340000,
0x000002cd67055800, 0x000002cd6a346800, 0x000002cd6a33d800, 0x000002cd68962000,
0x000002cd66193000, 0x000002cd66196000, 0x000002cd6618e000, 0x000002cd67049800,
0x000002cd70836800, 0x000002cd70837000, 0x000002cd70834000, 0x000002cd70835000,
0x000002cd70835800, 0x000002cd70832800, 0x000002cd70838000, 0x000002cd70839000,
0x000002cd70833000, 0x000002cd7083b800, 0x000002cd7083f800, 0x000002cd7083d000,
0x000002cd7083c000, 0x000002cd7083e000, 0x000002cd7083e800, 0x000002cd70839800,
0x000002cd70840000, 0x000002cd7083a800, 0x000002cd70845000, 0x000002cd70843800,
0x000002cd70846800, 0x000002cd70844800, 0x000002cd70842000, 0x000002cd70846000,
0x000002cd70841000, 0x000002cd70847800, 0x000002cd70848800, 0x000002cd70842800,
0x000002cd7084e000, 0x000002cd7084b000, 0x000002cd70849000, 0x000002cd7084d800,
0x000002cd7084a000, 0x000002cd7084c800, 0x000002cd70850800, 0x000002cd7084f000,
0x000002cd7084f800, 0x000002cd70851800, 0x000002cd7084b800, 0x000002cd69f3c800,
0x000002cd69f37800, 0x000002cd69f3a000, 0x000002cd69f3b000, 0x000002cd69f3b800,
0x000002cd69f37000, 0x000002cd69f3d800, 0x000002cd69f39000, 0x000002cd69f40800,
0x000002cd69f3e000, 0x000002cd69f44000, 0x000002cd69f42000, 0x000002cd69f44800,
0x000002cd69f41800, 0x000002cd69f40000, 0x000002cd69f43000, 0x000002cd69f3f000,
0x000002cd69f45800, 0x000002cd6c522800, 0x000002cd6c525800, 0x000002cd6c521800,
0x000002cd6c523000, 0x000002cd6c524800, 0x000002cd6c524000, 0x000002cd6c526800,
0x000002cd6c520800, 0x000002cd6c52b800, 0x000002cd6c529000, 0x000002cd6c52c000,
0x000002cd6c529800, 0x000002cd6c52a800, 0x000002cd6c52d000, 0x000002cd6c52d800,
0x000002cd6c528000, 0x000002cd6c52e800, 0x000002cd6c52f800, 0x000002cd66b2b800,
0x000002cd66b2d800, 0x000002cd66b2c000, 0x000002cd66b2a800, 0x000002cd66b2e800,
0x000002cd66b2f800, 0x000002cd66b29800, 0x000002cd66b30000, 0x000002cd66b33800,
0x000002cd66b31000, 0x000002cd66b32000, 0x000002cd66b37800, 0x000002cd66b36000,
0x000002cd66b34800, 0x000002cd66b35000, 0x000002cd66b36800, 0x000002cd66b38800,
0x000002cd6618c800, 0x000002cd66189000, 0x000002cd6618d000, 0x000002cd6618a000,
0x000002cd6618a800
}

Java Threads: ( => current thread )
  0x000002cd463a6000 JavaThread "main" [_thread_blocked, id=12576, stack(0x000000eecc400000,0x000000eecc500000)]
  0x000002cd6280a000 JavaThread "Reference Handler" daemon [_thread_blocked, id=12444, stack(0x000000eeccb00000,0x000000eeccc00000)]
  0x000002cd6303d000 JavaThread "Finalizer" daemon [_thread_blocked, id=16868, stack(0x000000eeccc00000,0x000000eeccd00000)]
  0x000002cd6305f800 JavaThread "Signal Dispatcher" daemon [_thread_blocked, id=4036, stack(0x000000eeccd00000,0x000000eecce00000)]
  0x000002cd63061800 JavaThread "Attach Listener" daemon [_thread_blocked, id=13908, stack(0x000000eecce00000,0x000000eeccf00000)]
  0x000002cd63063000 JavaThread "Service Thread" daemon [_thread_blocked, id=10912, stack(0x000000eeccf00000,0x000000eecd000000)]
  0x000002cd630b6800 JavaThread "C2 CompilerThread0" daemon [_thread_blocked, id=14820, stack(0x000000eecd000000,0x000000eecd100000)]
  0x000002cd630ba800 JavaThread "C1 CompilerThread0" daemon [_thread_blocked, id=9128, stack(0x000000eecd100000,0x000000eecd200000)]
  0x000002cd630bb800 JavaThread "Sweeper thread" daemon [_thread_blocked, id=4568, stack(0x000000eecd200000,0x000000eecd300000)]
  0x000002cd6323e800 JavaThread "Common-Cleaner" daemon [_thread_blocked, id=13824, stack(0x000000eecd300000,0x000000eecd400000)]
  0x000002cd64c9f800 JavaThread "Daemon health stats" [_thread_blocked, id=14116, stack(0x000000eecdc00000,0x000000eecdd00000)]
  0x000002cd63d0c000 JavaThread "Incoming local TCP Connector on port 63822" [_thread_in_native, id=20908, stack(0x000000eecd500000,0x000000eecd600000)]
  0x000002cd65cdf000 JavaThread "Daemon periodic checks" [_thread_blocked, id=9372, stack(0x000000eecd600000,0x000000eecd700000)]
  0x000002cd658b5800 JavaThread "Cache worker for journal cache (C:\Users\k1lls\.gradle\caches\journal-1)" [_thread_blocked, id=18888, stack(0x000000eece400000,0x000000eece500000)]
  0x000002cd658b3000 JavaThread "File lock request listener" [_thread_in_native, id=8472, stack(0x000000eece500000,0x000000eece600000)]
  0x000002cd658b8000 JavaThread "Cache worker for file hash cache (C:\Users\k1lls\.gradle\caches\7.2\fileHashes)" [_thread_blocked, id=6088, stack(0x000000eece600000,0x000000eece700000)]
  0x000002cd658b6800 JavaThread "File watcher server" daemon [_thread_blocked, id=14376, stack(0x000000eecec00000,0x000000eeced00000)]
  0x000002cd658b9800 JavaThread "File watcher consumer" daemon [_thread_blocked, id=1908, stack(0x000000eeced00000,0x000000eecee00000)]
  0x000002cd68959000 JavaThread "Cache worker for execution history cache (C:\Users\k1lls\.gradle\caches\7.2\executionHistory)" [_thread_blocked, id=19384, stack(0x000000eecf200000,0x000000eecf300000)]
  0x000002cd6895a800 JavaThread "jar transforms" [_thread_blocked, id=11488, stack(0x000000eecf300000,0x000000eecf400000)]
  0x000002cd68955000 JavaThread "Cache worker for file content cache (C:\Users\k1lls\.gradle\caches\7.2\fileContent)" [_thread_blocked, id=16928, stack(0x000000eecf400000,0x000000eecf500000)]
  0x000002cd6895b800 JavaThread "jar transforms Thread 2" [_thread_blocked, id=15112, stack(0x000000eecf500000,0x000000eecf600000)]
  0x000002cd6895c800 JavaThread "jar transforms Thread 3" [_thread_blocked, id=18768, stack(0x000000eecf700000,0x000000eecf800000)]
  0x000002cd6a33c000 JavaThread "jar transforms Thread 4" [_thread_blocked, id=17656, stack(0x000000eed4900000,0x000000eed4a00000)]
  0x000002cd6a342800 JavaThread "jar transforms Thread 5" [_thread_blocked, id=21500, stack(0x000000eed4a00000,0x000000eed4b00000)]
  0x000002cd6a33d000 JavaThread "jar transforms Thread 6" [_thread_blocked, id=2760, stack(0x000000eed4b00000,0x000000eed4c00000)]
  0x000002cd6a343800 JavaThread "jar transforms Thread 7" [_thread_blocked, id=15984, stack(0x000000eed4c00000,0x000000eed4d00000)]
  0x000002cd6a344000 JavaThread "jar transforms Thread 8" [_thread_blocked, id=6532, stack(0x000000eed4d00000,0x000000eed4e00000)]
  0x000002cd6a33e800 JavaThread "Memory manager" [_thread_blocked, id=11104, stack(0x000000eecf100000,0x000000eecf200000)]
  0x000002cd6a34a000 JavaThread "pool-3-thread-1" [_thread_blocked, id=7088, stack(0x000000eed5100000,0x000000eed5200000)]
  0x000002cd67051800 JavaThread "RMI Scheduler(0)" daemon [_thread_blocked, id=9168, stack(0x000000eecea00000,0x000000eeceb00000)]
  0x000002cd67052800 JavaThread "RMI TCP Accept-0" daemon [_thread_in_native, id=15848, stack(0x000000eed6300000,0x000000eed6400000)]
  0x000002cd69f38800 JavaThread "Cache worker for Java compile cache (C:\Users\k1lls\.gradle\caches\7.2\javaCompile)" [_thread_blocked, id=1456, stack(0x000000eed6800000,0x000000eed6900000)]
  0x000002cd6c527000 JavaThread "pool-8-thread-1" [_thread_blocked, id=2488, stack(0x000000eed5600000,0x000000eed5700000)]
  0x000002cd66b32800 JavaThread "pool-12-thread-1" [_thread_blocked, id=11880, stack(0x000000eed5700000,0x000000eed5800000)]
  0x000002cd6a340000 JavaThread "pool-16-thread-1" [_thread_blocked, id=15236, stack(0x000000eed5500000,0x000000eed5600000)]
  0x000002cd67055800 JavaThread "pool-20-thread-1" [_thread_blocked, id=13760, stack(0x000000eed5800000,0x000000eed5900000)]
  0x000002cd6a346800 JavaThread "pool-24-thread-1" [_thread_blocked, id=13344, stack(0x000000eed5300000,0x000000eed5400000)]
  0x000002cd6a33d800 JavaThread "pool-28-thread-1" [_thread_blocked, id=10300, stack(0x000000eed5400000,0x000000eed5500000)]
  0x000002cd68962000 JavaThread "pool-32-thread-1" [_thread_blocked, id=5956, stack(0x000000eed5c00000,0x000000eed5d00000)]
  0x000002cd66193000 JavaThread "pool-36-thread-1" [_thread_blocked, id=10488, stack(0x000000eed5d00000,0x000000eed5e00000)]
  0x000002cd66196000 JavaThread "pool-39-thread-1" [_thread_blocked, id=17128, stack(0x000000eed5900000,0x000000eed5a00000)]
  0x000002cd6618e000 JavaThread "pool-43-thread-1" [_thread_blocked, id=17528, stack(0x000000eed5a00000,0x000000eed5b00000)]
  0x000002cd67049800 JavaThread "pool-48-thread-1" [_thread_blocked, id=2348, stack(0x000000eed6000000,0x000000eed6100000)]
  0x000002cd70836800 JavaThread "ForkJoinPool.commonPool-worker-3" daemon [_thread_blocked, id=17196, stack(0x000000eed7800000,0x000000eed7900000)]
  0x000002cd70837000 JavaThread "Daemon Thread 11" [_thread_blocked, id=18980, stack(0x000000eecdd00000,0x000000eecde00000)]
  0x000002cd70834000 JavaThread "Handler for socket connection from /127.0.0.1:63822 to /127.0.0.1:60815" [_thread_in_native, id=20308, stack(0x000000eecde00000,0x000000eecdf00000)]
  0x000002cd70835000 JavaThread "Cancel handler" [_thread_blocked, id=7076, stack(0x000000eecdf00000,0x000000eece000000)]
  0x000002cd70835800 JavaThread "Daemon worker Thread 11" [_thread_blocked, id=18848, stack(0x000000eece000000,0x000000eece100000)]
  0x000002cd70832800 JavaThread "Asynchronous log dispatcher for DefaultDaemonConnection: socket connection from /127.0.0.1:63822 to /127.0.0.1:60815" [_thread_blocked, id=11220, stack(0x000000eece100000,0x000000eece200000)]
  0x000002cd70838000 JavaThread "Stdin handler" [_thread_blocked, id=1668, stack(0x000000eece200000,0x000000eece300000)]
  0x000002cd70839000 JavaThread "Daemon client event forwarder" [_thread_blocked, id=17840, stack(0x000000eece300000,0x000000eece400000)]
  0x000002cd70833000 JavaThread "Cache worker for file hash cache (G:\PetProgect\MyNotesAppPetProject\.gradle\7.2\fileHashes)" [_thread_blocked, id=8144, stack(0x000000eeceb00000,0x000000eecec00000)]
  0x000002cd7083b800 JavaThread "Cache worker for checksums cache (G:\PetProgect\MyNotesAppPetProject\.gradle\checksums)" [_thread_blocked, id=904, stack(0x000000eecee00000,0x000000eecef00000)]
  0x000002cd7083f800 JavaThread "Cache worker for cache directory md-supplier (C:\Users\k1lls\.gradle\caches\7.2\md-supplier)" [_thread_blocked, id=17932, stack(0x000000eecef00000,0x000000eecf000000)]
  0x000002cd7083d000 JavaThread "Cache worker for cache directory md-rule (C:\Users\k1lls\.gradle\caches\7.2\md-rule)" [_thread_blocked, id=6248, stack(0x000000eecf000000,0x000000eecf100000)]
  0x000002cd7083c000 JavaThread "C2 CompilerThread1" daemon [_thread_blocked, id=20484, stack(0x000000eecf600000,0x000000eecf700000)]
  0x000002cd7083e000 JavaThread "C2 CompilerThread2" daemon [_thread_blocked, id=12532, stack(0x000000eecf800000,0x000000eecf900000)]
  0x000002cd7083e800 JavaThread "Cache worker for dependencies-accessors (G:\PetProgect\MyNotesAppPetProject\.gradle\7.2\dependencies-accessors)" [_thread_blocked, id=10228, stack(0x000000eecf900000,0x000000eecfa00000)]
  0x000002cd70839800 JavaThread "Cache worker for Build Output Cleanup Cache (G:\PetProgect\MyNotesAppPetProject\.gradle\buildOutputCleanup)" [_thread_blocked, id=14232, stack(0x000000eecfa00000,0x000000eecfb00000)]
  0x000002cd70840000 JavaThread "Unconstrained build operations" [_thread_blocked, id=11188, stack(0x000000eecfb00000,0x000000eecfc00000)]
  0x000002cd7083a800 JavaThread "Unconstrained build operations Thread 2" [_thread_blocked, id=20664, stack(0x000000eecfc00000,0x000000eecfd00000)]
  0x000002cd70845000 JavaThread "Unconstrained build operations Thread 3" [_thread_blocked, id=19912, stack(0x000000eecfd00000,0x000000eecfe00000)]
  0x000002cd70843800 JavaThread "Unconstrained build operations Thread 4" [_thread_blocked, id=15324, stack(0x000000eecfe00000,0x000000eecff00000)]
  0x000002cd70846800 JavaThread "Unconstrained build operations Thread 5" [_thread_blocked, id=15136, stack(0x000000eecff00000,0x000000eed0000000)]
  0x000002cd70844800 JavaThread "Unconstrained build operations Thread 6" [_thread_blocked, id=9432, stack(0x000000eed0000000,0x000000eed0100000)]
  0x000002cd70842000 JavaThread "Unconstrained build operations Thread 7" [_thread_blocked, id=18076, stack(0x000000eed0100000,0x000000eed0200000)]
  0x000002cd70846000 JavaThread "Unconstrained build operations Thread 8" [_thread_blocked, id=18520, stack(0x000000eed0200000,0x000000eed0300000)]
  0x000002cd70841000 JavaThread "Unconstrained build operations Thread 9" [_thread_blocked, id=19616, stack(0x000000eed0300000,0x000000eed0400000)]
  0x000002cd70847800 JavaThread "Unconstrained build operations Thread 10" [_thread_blocked, id=20904, stack(0x000000eed0400000,0x000000eed0500000)]
  0x000002cd70848800 JavaThread "Unconstrained build operations Thread 11" [_thread_blocked, id=19712, stack(0x000000eed0500000,0x000000eed0600000)]
  0x000002cd70842800 JavaThread "Unconstrained build operations Thread 12" [_thread_blocked, id=6964, stack(0x000000eed0600000,0x000000eed0700000)]
  0x000002cd7084e000 JavaThread "Unconstrained build operations Thread 13" [_thread_blocked, id=19860, stack(0x000000eed0700000,0x000000eed0800000)]
  0x000002cd7084b000 JavaThread "Unconstrained build operations Thread 14" [_thread_blocked, id=21140, stack(0x000000eed0800000,0x000000eed0900000)]
  0x000002cd70849000 JavaThread "Unconstrained build operations Thread 15" [_thread_blocked, id=13044, stack(0x000000eed0900000,0x000000eed0a00000)]
  0x000002cd7084d800 JavaThread "Unconstrained build operations Thread 16" [_thread_blocked, id=19624, stack(0x000000eed0a00000,0x000000eed0b00000)]
  0x000002cd7084a000 JavaThread "Unconstrained build operations Thread 17" [_thread_blocked, id=3452, stack(0x000000eed0b00000,0x000000eed0c00000)]
  0x000002cd7084c800 JavaThread "Unconstrained build operations Thread 18" [_thread_blocked, id=19220, stack(0x000000eed0c00000,0x000000eed0d00000)]
  0x000002cd70850800 JavaThread "Unconstrained build operations Thread 19" [_thread_blocked, id=9876, stack(0x000000eed0d00000,0x000000eed0e00000)]
  0x000002cd7084f000 JavaThread "Unconstrained build operations Thread 20" [_thread_blocked, id=18228, stack(0x000000eed0e00000,0x000000eed0f00000)]
  0x000002cd7084f800 JavaThread "Unconstrained build operations Thread 21" [_thread_blocked, id=4844, stack(0x000000eed0f00000,0x000000eed1000000)]
  0x000002cd70851800 JavaThread "Unconstrained build operations Thread 22" [_thread_blocked, id=19876, stack(0x000000eed1000000,0x000000eed1100000)]
  0x000002cd7084b800 JavaThread "Unconstrained build operations Thread 23" [_thread_blocked, id=11644, stack(0x000000eed1100000,0x000000eed1200000)]
  0x000002cd69f3c800 JavaThread "Unconstrained build operations Thread 24" [_thread_blocked, id=16572, stack(0x000000eed1200000,0x000000eed1300000)]
  0x000002cd69f37800 JavaThread "Unconstrained build operations Thread 25" [_thread_blocked, id=7192, stack(0x000000eed1300000,0x000000eed1400000)]
  0x000002cd69f3a000 JavaThread "Unconstrained build operations Thread 26" [_thread_blocked, id=7264, stack(0x000000eed1400000,0x000000eed1500000)]
  0x000002cd69f3b000 JavaThread "Unconstrained build operations Thread 27" [_thread_blocked, id=7984, stack(0x000000eed1500000,0x000000eed1600000)]
  0x000002cd69f3b800 JavaThread "Unconstrained build operations Thread 28" [_thread_blocked, id=3108, stack(0x000000eed1600000,0x000000eed1700000)]
  0x000002cd69f37000 JavaThread "Unconstrained build operations Thread 29" [_thread_blocked, id=3828, stack(0x000000eed1700000,0x000000eed1800000)]
  0x000002cd69f3d800 JavaThread "Unconstrained build operations Thread 30" [_thread_blocked, id=2000, stack(0x000000eed1800000,0x000000eed1900000)]
  0x000002cd69f39000 JavaThread "Unconstrained build operations Thread 31" [_thread_blocked, id=15308, stack(0x000000eed1900000,0x000000eed1a00000)]
  0x000002cd69f40800 JavaThread "Unconstrained build operations Thread 32" [_thread_blocked, id=13256, stack(0x000000eed1a00000,0x000000eed1b00000)]
  0x000002cd69f3e000 JavaThread "Unconstrained build operations Thread 33" [_thread_blocked, id=18708, stack(0x000000eed1b00000,0x000000eed1c00000)]
  0x000002cd69f44000 JavaThread "Unconstrained build operations Thread 34" [_thread_blocked, id=9500, stack(0x000000eed1c00000,0x000000eed1d00000)]
  0x000002cd69f42000 JavaThread "Unconstrained build operations Thread 35" [_thread_blocked, id=5492, stack(0x000000eed1d00000,0x000000eed1e00000)]
  0x000002cd69f44800 JavaThread "Unconstrained build operations Thread 36" [_thread_blocked, id=13224, stack(0x000000eed1e00000,0x000000eed1f00000)]
  0x000002cd69f41800 JavaThread "Unconstrained build operations Thread 37" [_thread_blocked, id=8740, stack(0x000000eed1f00000,0x000000eed2000000)]
  0x000002cd69f40000 JavaThread "Unconstrained build operations Thread 38" [_thread_blocked, id=2168, stack(0x000000eed2000000,0x000000eed2100000)]
  0x000002cd69f43000 JavaThread "Unconstrained build operations Thread 39" [_thread_blocked, id=8732, stack(0x000000eed2100000,0x000000eed2200000)]
  0x000002cd69f3f000 JavaThread "Unconstrained build operations Thread 40" [_thread_blocked, id=13444, stack(0x000000eed2200000,0x000000eed2300000)]
  0x000002cd69f45800 JavaThread "Unconstrained build operations Thread 41" [_thread_blocked, id=17516, stack(0x000000eed2300000,0x000000eed2400000)]
  0x000002cd6c522800 JavaThread "Unconstrained build operations Thread 42" [_thread_blocked, id=7768, stack(0x000000eed2400000,0x000000eed2500000)]
  0x000002cd6c525800 JavaThread "Unconstrained build operations Thread 43" [_thread_blocked, id=13168, stack(0x000000eed2500000,0x000000eed2600000)]
  0x000002cd6c521800 JavaThread "Unconstrained build operations Thread 44" [_thread_blocked, id=13924, stack(0x000000eed2600000,0x000000eed2700000)]
  0x000002cd6c523000 JavaThread "Unconstrained build operations Thread 45" [_thread_blocked, id=9516, stack(0x000000eed2700000,0x000000eed2800000)]
  0x000002cd6c524800 JavaThread "Unconstrained build operations Thread 46" [_thread_blocked, id=13148, stack(0x000000eed2800000,0x000000eed2900000)]
  0x000002cd6c524000 JavaThread "Unconstrained build operations Thread 47" [_thread_blocked, id=6724, stack(0x000000eed2900000,0x000000eed2a00000)]
  0x000002cd6c526800 JavaThread "Unconstrained build operations Thread 48" [_thread_blocked, id=748, stack(0x000000eed2a00000,0x000000eed2b00000)]
  0x000002cd6c520800 JavaThread "Unconstrained build operations Thread 49" [_thread_blocked, id=18056, stack(0x000000eed2b00000,0x000000eed2c00000)]
  0x000002cd6c52b800 JavaThread "Unconstrained build operations Thread 50" [_thread_blocked, id=7512, stack(0x000000eed2c00000,0x000000eed2d00000)]
  0x000002cd6c529000 JavaThread "Unconstrained build operations Thread 51" [_thread_blocked, id=11076, stack(0x000000eed2d00000,0x000000eed2e00000)]
  0x000002cd6c52c000 JavaThread "Unconstrained build operations Thread 52" [_thread_blocked, id=20980, stack(0x000000eed2e00000,0x000000eed2f00000)]
  0x000002cd6c529800 JavaThread "Unconstrained build operations Thread 53" [_thread_blocked, id=14464, stack(0x000000eed2f00000,0x000000eed3000000)]
  0x000002cd6c52a800 JavaThread "Unconstrained build operations Thread 54" [_thread_blocked, id=19440, stack(0x000000eed3000000,0x000000eed3100000)]
  0x000002cd6c52d000 JavaThread "Unconstrained build operations Thread 55" [_thread_blocked, id=7016, stack(0x000000eed3100000,0x000000eed3200000)]
  0x000002cd6c52d800 JavaThread "Unconstrained build operations Thread 56" [_thread_blocked, id=15632, stack(0x000000eed3200000,0x000000eed3300000)]
  0x000002cd6c528000 JavaThread "Unconstrained build operations Thread 57" [_thread_blocked, id=1764, stack(0x000000eed3300000,0x000000eed3400000)]
  0x000002cd6c52e800 JavaThread "Unconstrained build operations Thread 58" [_thread_blocked, id=10664, stack(0x000000eed3400000,0x000000eed3500000)]
  0x000002cd6c52f800 JavaThread "Unconstrained build operations Thread 59" [_thread_blocked, id=19940, stack(0x000000eed3500000,0x000000eed3600000)]
  0x000002cd66b2b800 JavaThread "Unconstrained build operations Thread 60" [_thread_blocked, id=16848, stack(0x000000eed3600000,0x000000eed3700000)]
  0x000002cd66b2d800 JavaThread "Unconstrained build operations Thread 61" [_thread_blocked, id=10156, stack(0x000000eed3700000,0x000000eed3800000)]
  0x000002cd66b2c000 JavaThread "Unconstrained build operations Thread 62" [_thread_blocked, id=4040, stack(0x000000eed3800000,0x000000eed3900000)]
  0x000002cd66b2a800 JavaThread "Unconstrained build operations Thread 63" [_thread_blocked, id=20824, stack(0x000000eed3900000,0x000000eed3a00000)]
  0x000002cd66b2e800 JavaThread "Unconstrained build operations Thread 64" [_thread_blocked, id=17112, stack(0x000000eed3a00000,0x000000eed3b00000)]
  0x000002cd66b2f800 JavaThread "Unconstrained build operations Thread 65" [_thread_blocked, id=20324, stack(0x000000eed3b00000,0x000000eed3c00000)]
  0x000002cd66b29800 JavaThread "Unconstrained build operations Thread 66" [_thread_blocked, id=20128, stack(0x000000eed3c00000,0x000000eed3d00000)]
  0x000002cd66b30000 JavaThread "Unconstrained build operations Thread 67" [_thread_blocked, id=19664, stack(0x000000eed3d00000,0x000000eed3e00000)]
  0x000002cd66b33800 JavaThread "Unconstrained build operations Thread 68" [_thread_blocked, id=11740, stack(0x000000eed3e00000,0x000000eed3f00000)]
  0x000002cd66b31000 JavaThread "Unconstrained build operations Thread 69" [_thread_blocked, id=7164, stack(0x000000eed3f00000,0x000000eed4000000)]
  0x000002cd66b32000 JavaThread "Unconstrained build operations Thread 70" [_thread_blocked, id=14784, stack(0x000000eed4000000,0x000000eed4100000)]
  0x000002cd66b37800 JavaThread "Unconstrained build operations Thread 71" [_thread_blocked, id=14948, stack(0x000000eed4100000,0x000000eed4200000)]
  0x000002cd66b36000 JavaThread "Unconstrained build operations Thread 72" [_thread_blocked, id=19732, stack(0x000000eed4200000,0x000000eed4300000)]
  0x000002cd66b34800 JavaThread "Unconstrained build operations Thread 73" [_thread_blocked, id=12512, stack(0x000000eed4300000,0x000000eed4400000)]
  0x000002cd66b35000 JavaThread "Unconstrained build operations Thread 74" [_thread_blocked, id=16484, stack(0x000000eed4400000,0x000000eed4500000)]
  0x000002cd66b36800 JavaThread "Unconstrained build operations Thread 75" [_thread_blocked, id=5752, stack(0x000000eed4500000,0x000000eed4600000)]
  0x000002cd66b38800 JavaThread "Unconstrained build operations Thread 76" [_thread_blocked, id=20100, stack(0x000000eed4600000,0x000000eed4700000)]
  0x000002cd6618c800 JavaThread "Unconstrained build operations Thread 77" [_thread_blocked, id=14072, stack(0x000000eed4700000,0x000000eed4800000)]
  0x000002cd66189000 JavaThread "Unconstrained build operations Thread 78" [_thread_blocked, id=14268, stack(0x000000eed4800000,0x000000eed4900000)]
  0x000002cd6618d000 JavaThread "Unconstrained build operations Thread 79" [_thread_blocked, id=8068, stack(0x000000eed4e00000,0x000000eed4f00000)]
  0x000002cd6618a000 JavaThread "Unconstrained build operations Thread 80" [_thread_blocked, id=19052, stack(0x000000eed4f00000,0x000000eed5000000)]
  0x000002cd6618a800 JavaThread "build event listener" [_thread_blocked, id=11324, stack(0x000000eed5000000,0x000000eed5100000)]

Other Threads:
  0x000002cd6303c800 VMThread "VM Thread" [stack: 0x000000eecca00000,0x000000eeccb00000] [id=5336]
  0x000002cd63253800 WatcherThread [stack: 0x000000eecd400000,0x000000eecd500000] [id=16160]
  0x000002cd463c1000 GCTaskThread "GC Thread#0" [stack: 0x000000eecc500000,0x000000eecc600000] [id=4284]
  0x000002cd64400000 GCTaskThread "GC Thread#1" [stack: 0x000000eecd700000,0x000000eecd800000] [id=20404]
=>0x000002cd639d7800 GCTaskThread "GC Thread#2" [stack: 0x000000eecd800000,0x000000eecd900000] [id=5272]
  0x000002cd643ab000 GCTaskThread "GC Thread#3" [stack: 0x000000eecd900000,0x000000eecda00000] [id=10640]
  0x000002cd6422b000 GCTaskThread "GC Thread#4" [stack: 0x000000eecda00000,0x000000eecdb00000] [id=21052]
  0x000002cd63eaf000 GCTaskThread "GC Thread#5" [stack: 0x000000eecdb00000,0x000000eecdc00000] [id=19064]
  0x000002cd654e2000 GCTaskThread "GC Thread#6" [stack: 0x000000eece700000,0x000000eece800000] [id=15424]
  0x000002cd65b47800 GCTaskThread "GC Thread#7" [stack: 0x000000eece800000,0x000000eece900000] [id=12064]
  0x000002cd463f2000 ConcurrentGCThread "G1 Main Marker" [stack: 0x000000eecc600000,0x000000eecc700000] [id=12952]
  0x000002cd463f4000 ConcurrentGCThread "G1 Conc#0" [stack: 0x000000eecc700000,0x000000eecc800000] [id=20976]
  0x000002cd65091000 ConcurrentGCThread "G1 Conc#1" [stack: 0x000000eece900000,0x000000eecea00000] [id=18092]
  0x000002cd4648d800 ConcurrentGCThread "G1 Refine#0" [stack: 0x000000eecc800000,0x000000eecc900000] [id=16248]
  0x000002cd68ff8000 ConcurrentGCThread "G1 Refine#1" [stack: 0x000000eed5b00000,0x000000eed5c00000] [id=8576]
  0x000002cd4648e800 ConcurrentGCThread "G1 Young RemSet Sampling" [stack: 0x000000eecc900000,0x000000eecca00000] [id=13096]

Threads with active compile tasks:
C2 CompilerThread013656227 27310       4       java.lang.Class::getMethod (59 bytes)
C1 CompilerThread013656227 27314       3       org.codehaus.groovy.reflection.CachedClass$1::lambda$initValue$2 (47 bytes)
C2 CompilerThread113656227 27258       4       org.codehaus.groovy.reflection.ParameterTypes::getParameterTypes (16 bytes)
C2 CompilerThread213656227 27256       4       org.codehaus.groovy.reflection.CachedMethod::compareTo (25 bytes)

VM state:at safepoint (normal execution)

VM Mutex/Monitor currently owned by a thread:  ([mutex/lock_event])
[0x000002cd463a4560] Threads_lock - owner thread: 0x000002cd6303c800
[0x000002cd463a4290] Heap_lock - owner thread: 0x000002cd463f2000

Heap address: 0x0000000080000000, size: 2048 MB, Compressed Oops mode: 32-bit
Narrow klass base: 0x0000000000000000, Narrow klass shift: 3
Compressed class space size: 1073741824 Address: 0x0000000100000000

Heap:
 garbage-first heap   total 260096K, used 99610K [0x0000000080000000, 0x0000000100000000)
  region size 1024K, 26 young (26624K), 6 survivors (6144K)
 Metaspace       used 142887K, capacity 146575K, committed 148196K, reserved 1177600K
  class space    used 17572K, capacity 19046K, committed 19376K, reserved 1048576K
Heap Regions: E=young(eden), S=young(survivor), O=old, HS=humongous(starts), HC=humongous(continues), CS=collection set, F=free, A=archive, TAMS=top-at-mark-start (previous, next)
|   0|0x0000000080000000, 0x00000000800fff88, 0x0000000080100000| 99%| O|  |TAMS 0x0000000080000000, 0x00000000800fff88| Untracked 
|   1|0x0000000080100000, 0x00000000801ffff8, 0x0000000080200000| 99%| O|  |TAMS 0x0000000080100000, 0x00000000801ffff8| Untracked 
|   2|0x0000000080200000, 0x00000000802ffff8, 0x0000000080300000| 99%| O|  |TAMS 0x0000000080200000, 0x00000000802ffff8| Untracked 
|   3|0x0000000080300000, 0x0000000080400000, 0x0000000080400000|100%|HS|  |TAMS 0x0000000080300000, 0x0000000080400000| Untracked 
|   4|0x0000000080400000, 0x0000000080500000, 0x0000000080500000|100%|HC|  |TAMS 0x0000000080400000, 0x0000000080500000| Untracked 
|   5|0x0000000080500000, 0x0000000080600000, 0x0000000080600000|100%|HC|  |TAMS 0x0000000080500000, 0x0000000080600000| Untracked 
|   6|0x0000000080600000, 0x00000000806ffff0, 0x0000000080700000| 99%| O|  |TAMS 0x0000000080600000, 0x00000000806ffff0| Untracked 
|   7|0x0000000080700000, 0x0000000080800000, 0x0000000080800000|100%| O|  |TAMS 0x0000000080700000, 0x0000000080800000| Untracked 
|   8|0x0000000080800000, 0x00000000808ffff0, 0x0000000080900000| 99%| O|  |TAMS 0x0000000080800000, 0x00000000808ffff0| Untracked 
|   9|0x0000000080900000, 0x0000000080a00000, 0x0000000080a00000|100%| O|  |TAMS 0x0000000080900000, 0x0000000080a00000| Untracked 
|  10|0x0000000080a00000, 0x0000000080afff98, 0x0000000080b00000| 99%| O|  |TAMS 0x0000000080a00000, 0x0000000080afff98| Untracked 
|  11|0x0000000080b00000, 0x0000000080bffff8, 0x0000000080c00000| 99%| O|  |TAMS 0x0000000080b00000, 0x0000000080bffff8| Untracked 
|  12|0x0000000080c00000, 0x0000000080cffff0, 0x0000000080d00000| 99%| O|  |TAMS 0x0000000080c00000, 0x0000000080cffff0| Untracked 
|  13|0x0000000080d00000, 0x0000000080dfffe0, 0x0000000080e00000| 99%| O|  |TAMS 0x0000000080d00000, 0x0000000080dfffe0| Untracked 
|  14|0x0000000080e00000, 0x0000000080effff0, 0x0000000080f00000| 99%| O|  |TAMS 0x0000000080e00000, 0x0000000080effff0| Untracked 
|  15|0x0000000080f00000, 0x0000000080fffff0, 0x0000000081000000| 99%| O|  |TAMS 0x0000000080f00000, 0x0000000080fffff0| Untracked 
|  16|0x0000000081000000, 0x0000000081100000, 0x0000000081100000|100%|HS|  |TAMS 0x0000000081000000, 0x0000000081100000| Untracked 
|  17|0x0000000081100000, 0x0000000081200000, 0x0000000081200000|100%|HS|  |TAMS 0x0000000081100000, 0x0000000081200000| Untracked 
|  18|0x0000000081200000, 0x0000000081300000, 0x0000000081300000|100%|HS|  |TAMS 0x0000000081200000, 0x0000000081300000| Untracked 
|  19|0x0000000081300000, 0x0000000081400000, 0x0000000081400000|100%|HS|  |TAMS 0x0000000081300000, 0x0000000081400000| Untracked 
|  20|0x0000000081400000, 0x0000000081500000, 0x0000000081500000|100%|HS|  |TAMS 0x0000000081400000, 0x0000000081500000| Untracked 
|  21|0x0000000081500000, 0x0000000081600000, 0x0000000081600000|100%|HC|  |TAMS 0x0000000081500000, 0x0000000081600000| Untracked 
|  22|0x0000000081600000, 0x0000000081700000, 0x0000000081700000|100%|HC|  |TAMS 0x0000000081600000, 0x0000000081700000| Untracked 
|  23|0x0000000081700000, 0x0000000081800000, 0x0000000081800000|100%|HS|  |TAMS 0x0000000081700000, 0x0000000081800000| Untracked 
|  24|0x0000000081800000, 0x0000000081900000, 0x0000000081900000|100%|HC|  |TAMS 0x0000000081800000, 0x0000000081900000| Untracked 
|  25|0x0000000081900000, 0x00000000819fff60, 0x0000000081a00000| 99%| O|  |TAMS 0x0000000081900000, 0x00000000819fff60| Untracked 
|  26|0x0000000081a00000, 0x0000000081afcac8, 0x0000000081b00000| 98%| O|  |TAMS 0x0000000081a00000, 0x0000000081afcac8| Untracked 
|  27|0x0000000081b00000, 0x0000000081bfffa0, 0x0000000081c00000| 99%| O|  |TAMS 0x0000000081b00000, 0x0000000081bfffa0| Untracked 
|  28|0x0000000081c00000, 0x0000000081cffff8, 0x0000000081d00000| 99%| O|  |TAMS 0x0000000081c00000, 0x0000000081cffff8| Untracked 
|  29|0x0000000081d00000, 0x0000000081dd5fc0, 0x0000000081e00000| 83%| O|  |TAMS 0x0000000081d00000, 0x0000000081dd5fc0| Untracked 
|  30|0x0000000081e00000, 0x0000000081effff8, 0x0000000081f00000| 99%| O|  |TAMS 0x0000000081e00000, 0x0000000081effff8| Untracked 
|  31|0x0000000081f00000, 0x0000000081ffffe0, 0x0000000082000000| 99%| O|  |TAMS 0x0000000081f00000, 0x0000000081ffffe0| Untracked 
|  32|0x0000000082000000, 0x00000000820e6b28, 0x0000000082100000| 90%| O|  |TAMS 0x0000000082000000, 0x00000000820e6b28| Untracked 
|  33|0x0000000082100000, 0x00000000821ff2b0, 0x0000000082200000| 99%| O|  |TAMS 0x0000000082100000, 0x00000000821ff2b0| Untracked 
|  34|0x0000000082200000, 0x0000000082300000, 0x0000000082300000|100%| O|  |TAMS 0x0000000082200000, 0x0000000082300000| Untracked 
|  35|0x0000000082300000, 0x00000000823ffff8, 0x0000000082400000| 99%| O|  |TAMS 0x0000000082300000, 0x00000000823ffff8| Untracked 
|  36|0x0000000082400000, 0x00000000824fffd0, 0x0000000082500000| 99%| O|  |TAMS 0x0000000082400000, 0x00000000824fffd0| Untracked 
|  37|0x0000000082500000, 0x00000000825f99a8, 0x0000000082600000| 97%| O|  |TAMS 0x0000000082500000, 0x00000000825f99a8| Untracked 
|  38|0x0000000082600000, 0x00000000826fffe8, 0x0000000082700000| 99%| O|  |TAMS 0x0000000082600000, 0x00000000826fffe8| Untracked 
|  39|0x0000000082700000, 0x00000000827ffff0, 0x0000000082800000| 99%| O|  |TAMS 0x0000000082700000, 0x00000000827ffff0| Untracked 
|  40|0x0000000082800000, 0x00000000828fffd0, 0x0000000082900000| 99%| O|  |TAMS 0x0000000082800000, 0x00000000828fffd0| Untracked 
|  41|0x0000000082900000, 0x00000000829ffff8, 0x0000000082a00000| 99%| O|  |TAMS 0x0000000082900000, 0x00000000829ffff8| Untracked 
|  42|0x0000000082a00000, 0x0000000082afcad8, 0x0000000082b00000| 98%| O|  |TAMS 0x0000000082a00000, 0x0000000082afcad8| Untracked 
|  43|0x0000000082b00000, 0x0000000082bffff8, 0x0000000082c00000| 99%| O|  |TAMS 0x0000000082b00000, 0x0000000082bffff8| Untracked 
|  44|0x0000000082c00000, 0x0000000082cfffa0, 0x0000000082d00000| 99%| O|  |TAMS 0x0000000082c00000, 0x0000000082cfffa0| Untracked 
|  45|0x0000000082d00000, 0x0000000082dfffe8, 0x0000000082e00000| 99%| O|  |TAMS 0x0000000082d00000, 0x0000000082dfffe8| Untracked 
|  46|0x0000000082e00000, 0x0000000082effff8, 0x0000000082f00000| 99%| O|  |TAMS 0x0000000082e00000, 0x0000000082effff8| Untracked 
|  47|0x0000000082f00000, 0x0000000082fffff0, 0x0000000083000000| 99%| O|  |TAMS 0x0000000082f00000, 0x0000000082fffff0| Untracked 
|  48|0x0000000083000000, 0x00000000830fffd8, 0x0000000083100000| 99%| O|  |TAMS 0x0000000083000000, 0x00000000830fffd8| Untracked 
|  49|0x0000000083100000, 0x00000000831ffe70, 0x0000000083200000| 99%| O|  |TAMS 0x0000000083100000, 0x00000000831ffe70| Untracked 
|  50|0x0000000083200000, 0x00000000832ffff8, 0x0000000083300000| 99%| O|  |TAMS 0x0000000083200000, 0x00000000832ffff8| Untracked 
|  51|0x0000000083300000, 0x00000000833fffd0, 0x0000000083400000| 99%| O|  |TAMS 0x0000000083300000, 0x00000000833fffd0| Untracked 
|  52|0x0000000083400000, 0x00000000834fffe0, 0x0000000083500000| 99%| O|  |TAMS 0x0000000083400000, 0x00000000834fffe0| Untracked 
|  53|0x0000000083500000, 0x0000000083600000, 0x0000000083600000|100%| O|  |TAMS 0x0000000083500000, 0x0000000083600000| Untracked 
|  54|0x0000000083600000, 0x00000000836ffef0, 0x0000000083700000| 99%| O|  |TAMS 0x0000000083600000, 0x00000000836ffef0| Untracked 
|  55|0x0000000083700000, 0x00000000837fffe8, 0x0000000083800000| 99%| O|  |TAMS 0x0000000083700000, 0x00000000837fffe8| Untracked 
|  56|0x0000000083800000, 0x00000000838ffff0, 0x0000000083900000| 99%| O|  |TAMS 0x0000000083800000, 0x00000000838ffff0| Untracked 
|  57|0x0000000083900000, 0x00000000839ffff8, 0x0000000083a00000| 99%| O|  |TAMS 0x0000000083900000, 0x00000000839ffff8| Untracked 
|  58|0x0000000083a00000, 0x0000000083afffe8, 0x0000000083b00000| 99%| O|  |TAMS 0x0000000083a00000, 0x0000000083afffe8| Untracked 
|  59|0x0000000083b00000, 0x0000000083c00000, 0x0000000083c00000|100%| O|  |TAMS 0x0000000083b00000, 0x0000000083c00000| Untracked 
|  60|0x0000000083c00000, 0x0000000083d00000, 0x0000000083d00000|100%| O|  |TAMS 0x0000000083c00000, 0x0000000083d00000| Untracked 
|  61|0x0000000083d00000, 0x0000000083dffff0, 0x0000000083e00000| 99%| O|  |TAMS 0x0000000083d00000, 0x0000000083dffff0| Untracked 
|  62|0x0000000083e00000, 0x0000000083effff0, 0x0000000083f00000| 99%| O|  |TAMS 0x0000000083e00000, 0x0000000083effff0| Untracked 
|  63|0x0000000083f00000, 0x0000000083fffff0, 0x0000000084000000| 99%| O|  |TAMS 0x0000000083f00000, 0x0000000083fffff0| Untracked 
|  64|0x0000000084000000, 0x00000000840fffb8, 0x0000000084100000| 99%| O|  |TAMS 0x0000000084000000, 0x00000000840fffb8| Untracked 
|  65|0x0000000084100000, 0x00000000841ffff8, 0x0000000084200000| 99%| O|  |TAMS 0x0000000084100000, 0x00000000841ffff8| Untracked 
|  66|0x0000000084200000, 0x00000000842b0590, 0x0000000084300000| 68%| O|  |TAMS 0x0000000084200000, 0x00000000842b0590| Untracked 
|  67|0x0000000084300000, 0x00000000843c4538, 0x0000000084400000| 76%| O|  |TAMS 0x0000000084300000, 0x00000000843c4538| Untracked 
|  68|0x0000000084400000, 0x0000000084400000, 0x0000000084500000|  0%| F|  |TAMS 0x0000000084400000, 0x0000000084400000| Untracked 
|  69|0x0000000084500000, 0x0000000084600000, 0x0000000084600000|100%| O|  |TAMS 0x0000000084500000, 0x0000000084600000| Untracked 
|  70|0x0000000084600000, 0x0000000084700000, 0x0000000084700000|100%| O|  |TAMS 0x0000000084600000, 0x0000000084700000| Untracked 
|  71|0x0000000084700000, 0x00000000847fffc0, 0x0000000084800000| 99%| O|  |TAMS 0x0000000084700000, 0x00000000847fffc0| Untracked 
|  72|0x0000000084800000, 0x0000000084887a68, 0x0000000084900000| 52%| O|  |TAMS 0x0000000084800000, 0x0000000084887a68| Untracked 
|  73|0x0000000084900000, 0x00000000849d9aa0, 0x0000000084a00000| 85%| O|  |TAMS 0x0000000084900000, 0x00000000849d9aa0| Untracked 
|  74|0x0000000084a00000, 0x0000000084a00000, 0x0000000084b00000|  0%| F|  |TAMS 0x0000000084a00000, 0x0000000084a00000| Untracked 
|  75|0x0000000084b00000, 0x0000000084b00000, 0x0000000084c00000|  0%| F|  |TAMS 0x0000000084b00000, 0x0000000084b00000| Untracked 
|  76|0x0000000084c00000, 0x0000000084c00000, 0x0000000084d00000|  0%| F|  |TAMS 0x0000000084c00000, 0x0000000084c00000| Untracked 
|  77|0x0000000084d00000, 0x0000000084d00000, 0x0000000084e00000|  0%| F|  |TAMS 0x0000000084d00000, 0x0000000084d00000| Untracked 
|  78|0x0000000084e00000, 0x0000000084e00000, 0x0000000084f00000|  0%| F|  |TAMS 0x0000000084e00000, 0x0000000084e00000| Untracked 
|  79|0x0000000084f00000, 0x0000000084f21bf0, 0x0000000085000000| 13%| O|  |TAMS 0x0000000084f00000, 0x0000000084f21bf0| Untracked 
|  80|0x0000000085000000, 0x0000000085000000, 0x0000000085100000|  0%| F|  |TAMS 0x0000000085000000, 0x0000000085000000| Untracked 
|  81|0x0000000085100000, 0x0000000085172048, 0x0000000085200000| 44%| O|  |TAMS 0x0000000085100000, 0x0000000085172048| Untracked 
|  82|0x0000000085200000, 0x0000000085200000, 0x0000000085300000|  0%| F|  |TAMS 0x0000000085200000, 0x0000000085200000| Untracked 
|  83|0x0000000085300000, 0x00000000853fcce8, 0x0000000085400000| 98%| O|  |TAMS 0x0000000085300000, 0x00000000853fcce8| Untracked 
|  84|0x0000000085400000, 0x0000000085400000, 0x0000000085500000|  0%| F|  |TAMS 0x0000000085400000, 0x0000000085400000| Untracked 
|  85|0x0000000085500000, 0x0000000085500000, 0x0000000085600000|  0%| F|  |TAMS 0x0000000085500000, 0x0000000085500000| Untracked 
|  86|0x0000000085600000, 0x0000000085600000, 0x0000000085700000|  0%| F|  |TAMS 0x0000000085600000, 0x0000000085600000| Untracked 
|  87|0x0000000085700000, 0x0000000085700000, 0x0000000085800000|  0%| F|  |TAMS 0x0000000085700000, 0x0000000085700000| Untracked 
|  88|0x0000000085800000, 0x0000000085800000, 0x0000000085900000|  0%| F|  |TAMS 0x0000000085800000, 0x0000000085800000| Untracked 
|  89|0x0000000085900000, 0x0000000085900000, 0x0000000085a00000|  0%| F|  |TAMS 0x0000000085900000, 0x0000000085900000| Untracked 
|  90|0x0000000085a00000, 0x0000000085a00000, 0x0000000085b00000|  0%| F|  |TAMS 0x0000000085a00000, 0x0000000085a00000| Untracked 
|  91|0x0000000085b00000, 0x0000000085b00000, 0x0000000085c00000|  0%| F|  |TAMS 0x0000000085b00000, 0x0000000085b00000| Untracked 
|  92|0x0000000085c00000, 0x0000000085c00000, 0x0000000085d00000|  0%| F|  |TAMS 0x0000000085c00000, 0x0000000085c00000| Untracked 
|  93|0x0000000085d00000, 0x0000000085d00000, 0x0000000085e00000|  0%| F|  |TAMS 0x0000000085d00000, 0x0000000085d00000| Untracked 
|  94|0x0000000085e00000, 0x0000000085e00000, 0x0000000085f00000|  0%| F|  |TAMS 0x0000000085e00000, 0x0000000085e00000| Untracked 
|  95|0x0000000085f00000, 0x0000000085f00000, 0x0000000086000000|  0%| F|  |TAMS 0x0000000085f00000, 0x0000000085f00000| Untracked 
|  96|0x0000000086000000, 0x0000000086000000, 0x0000000086100000|  0%| F|  |TAMS 0x0000000086000000, 0x0000000086000000| Untracked 
|  97|0x0000000086100000, 0x0000000086100000, 0x0000000086200000|  0%| F|  |TAMS 0x0000000086100000, 0x0000000086100000| Untracked 
|  98|0x0000000086200000, 0x0000000086200000, 0x0000000086300000|  0%| F|  |TAMS 0x0000000086200000, 0x0000000086200000| Untracked 
|  99|0x0000000086300000, 0x0000000086300000, 0x0000000086400000|  0%| F|  |TAMS 0x0000000086300000, 0x0000000086300000| Untracked 
| 100|0x0000000086400000, 0x0000000086400000, 0x0000000086500000|  0%| F|  |TAMS 0x0000000086400000, 0x0000000086400000| Untracked 
| 101|0x0000000086500000, 0x0000000086500000, 0x0000000086600000|  0%| F|  |TAMS 0x0000000086500000, 0x0000000086500000| Untracked 
| 102|0x0000000086600000, 0x0000000086600000, 0x0000000086700000|  0%| F|  |TAMS 0x0000000086600000, 0x0000000086600000| Untracked 
| 103|0x0000000086700000, 0x0000000086700000, 0x0000000086800000|  0%| F|  |TAMS 0x0000000086700000, 0x0000000086700000| Untracked 
| 104|0x0000000086800000, 0x0000000086800000, 0x0000000086900000|  0%| F|  |TAMS 0x0000000086800000, 0x0000000086800000| Untracked 
| 105|0x0000000086900000, 0x0000000086900000, 0x0000000086a00000|  0%| F|  |TAMS 0x0000000086900000, 0x0000000086900000| Untracked 
| 106|0x0000000086a00000, 0x0000000086a00000, 0x0000000086b00000|  0%| F|  |TAMS 0x0000000086a00000, 0x0000000086a00000| Untracked 
| 107|0x0000000086b00000, 0x0000000086b00000, 0x0000000086c00000|  0%| F|  |TAMS 0x0000000086b00000, 0x0000000086b00000| Untracked 
| 108|0x0000000086c00000, 0x0000000086c00000, 0x0000000086d00000|  0%| F|  |TAMS 0x0000000086c00000, 0x0000000086c00000| Untracked 
| 109|0x0000000086d00000, 0x0000000086d00000, 0x0000000086e00000|  0%| F|  |TAMS 0x0000000086d00000, 0x0000000086d00000| Untracked 
| 110|0x0000000086e00000, 0x0000000086e00000, 0x0000000086f00000|  0%| F|  |TAMS 0x0000000086e00000, 0x0000000086e00000| Untracked 
| 111|0x0000000086f00000, 0x0000000086f00000, 0x0000000087000000|  0%| F|  |TAMS 0x0000000086f00000, 0x0000000086f00000| Untracked 
| 112|0x0000000087000000, 0x0000000087000000, 0x0000000087100000|  0%| F|  |TAMS 0x0000000087000000, 0x0000000087000000| Untracked 
| 113|0x0000000087100000, 0x0000000087100000, 0x0000000087200000|  0%| F|  |TAMS 0x0000000087100000, 0x0000000087100000| Untracked 
| 114|0x0000000087200000, 0x0000000087200000, 0x0000000087300000|  0%| F|  |TAMS 0x0000000087200000, 0x0000000087200000| Untracked 
| 115|0x0000000087300000, 0x0000000087300000, 0x0000000087400000|  0%| F|  |TAMS 0x0000000087300000, 0x0000000087300000| Untracked 
| 116|0x0000000087400000, 0x0000000087400000, 0x0000000087500000|  0%| F|  |TAMS 0x0000000087400000, 0x0000000087400000| Untracked 
| 117|0x0000000087500000, 0x0000000087500000, 0x0000000087600000|  0%| F|  |TAMS 0x0000000087500000, 0x0000000087500000| Untracked 
| 118|0x0000000087600000, 0x0000000087600000, 0x0000000087700000|  0%| F|  |TAMS 0x0000000087600000, 0x0000000087600000| Untracked 
| 119|0x0000000087700000, 0x0000000087700000, 0x0000000087800000|  0%| F|  |TAMS 0x0000000087700000, 0x0000000087700000| Untracked 
| 120|0x0000000087800000, 0x0000000087800000, 0x0000000087900000|  0%| F|  |TAMS 0x0000000087800000, 0x0000000087800000| Untracked 
| 121|0x0000000087900000, 0x0000000087900000, 0x0000000087a00000|  0%| F|  |TAMS 0x0000000087900000, 0x0000000087900000| Untracked 
| 122|0x0000000087a00000, 0x0000000087a00000, 0x0000000087b00000|  0%| F|  |TAMS 0x0000000087a00000, 0x0000000087a00000| Untracked 
| 123|0x0000000087b00000, 0x0000000087b00000, 0x0000000087c00000|  0%| F|  |TAMS 0x0000000087b00000, 0x0000000087b00000| Untracked 
| 124|0x0000000087c00000, 0x0000000087c00000, 0x0000000087d00000|  0%| F|  |TAMS 0x0000000087c00000, 0x0000000087c00000| Untracked 
| 125|0x0000000087d00000, 0x0000000087d00000, 0x0000000087e00000|  0%| F|  |TAMS 0x0000000087d00000, 0x0000000087d00000| Untracked 
| 126|0x0000000087e00000, 0x0000000087e00000, 0x0000000087f00000|  0%| F|  |TAMS 0x0000000087e00000, 0x0000000087e00000| Untracked 
| 127|0x0000000087f00000, 0x0000000087f00000, 0x0000000088000000|  0%| F|  |TAMS 0x0000000087f00000, 0x0000000087f00000| Untracked 
| 128|0x0000000088000000, 0x0000000088000000, 0x0000000088100000|  0%| F|  |TAMS 0x0000000088000000, 0x0000000088000000| Untracked 
| 129|0x0000000088100000, 0x0000000088100000, 0x0000000088200000|  0%| F|  |TAMS 0x0000000088100000, 0x0000000088100000| Untracked 
| 130|0x0000000088200000, 0x0000000088200000, 0x0000000088300000|  0%| F|  |TAMS 0x0000000088200000, 0x0000000088200000| Untracked 
| 131|0x0000000088300000, 0x0000000088300000, 0x0000000088400000|  0%| F|  |TAMS 0x0000000088300000, 0x0000000088300000| Untracked 
| 132|0x0000000088400000, 0x0000000088400000, 0x0000000088500000|  0%| F|  |TAMS 0x0000000088400000, 0x0000000088400000| Untracked 
| 133|0x0000000088500000, 0x0000000088500000, 0x0000000088600000|  0%| F|  |TAMS 0x0000000088500000, 0x0000000088500000| Untracked 
| 134|0x0000000088600000, 0x0000000088600000, 0x0000000088700000|  0%| F|  |TAMS 0x0000000088600000, 0x0000000088600000| Untracked 
| 135|0x0000000088700000, 0x0000000088700000, 0x0000000088800000|  0%| F|  |TAMS 0x0000000088700000, 0x0000000088700000| Untracked 
| 136|0x0000000088800000, 0x0000000088800000, 0x0000000088900000|  0%| F|  |TAMS 0x0000000088800000, 0x0000000088800000| Untracked 
| 137|0x0000000088900000, 0x0000000088900000, 0x0000000088a00000|  0%| F|  |TAMS 0x0000000088900000, 0x0000000088900000| Untracked 
| 138|0x0000000088a00000, 0x0000000088a00000, 0x0000000088b00000|  0%| F|  |TAMS 0x0000000088a00000, 0x0000000088a00000| Untracked 
| 139|0x0000000088b00000, 0x0000000088b00000, 0x0000000088c00000|  0%| F|  |TAMS 0x0000000088b00000, 0x0000000088b00000| Untracked 
| 140|0x0000000088c00000, 0x0000000088c00000, 0x0000000088d00000|  0%| F|  |TAMS 0x0000000088c00000, 0x0000000088c00000| Untracked 
| 141|0x0000000088d00000, 0x0000000088d00000, 0x0000000088e00000|  0%| F|  |TAMS 0x0000000088d00000, 0x0000000088d00000| Untracked 
| 142|0x0000000088e00000, 0x0000000088e00000, 0x0000000088f00000|  0%| F|  |TAMS 0x0000000088e00000, 0x0000000088e00000| Untracked 
| 143|0x0000000088f00000, 0x0000000088f00000, 0x0000000089000000|  0%| F|  |TAMS 0x0000000088f00000, 0x0000000088f00000| Untracked 
| 144|0x0000000089000000, 0x0000000089000000, 0x0000000089100000|  0%| F|  |TAMS 0x0000000089000000, 0x0000000089000000| Untracked 
| 145|0x0000000089100000, 0x0000000089100000, 0x0000000089200000|  0%| F|  |TAMS 0x0000000089100000, 0x0000000089100000| Untracked 
| 146|0x0000000089200000, 0x0000000089200000, 0x0000000089300000|  0%| F|  |TAMS 0x0000000089200000, 0x0000000089200000| Untracked 
| 147|0x0000000089300000, 0x0000000089300000, 0x0000000089400000|  0%| F|  |TAMS 0x0000000089300000, 0x0000000089300000| Untracked 
| 148|0x0000000089400000, 0x0000000089400000, 0x0000000089500000|  0%| F|  |TAMS 0x0000000089400000, 0x0000000089400000| Untracked 
| 149|0x0000000089500000, 0x0000000089500000, 0x0000000089600000|  0%| F|  |TAMS 0x0000000089500000, 0x0000000089500000| Untracked 
| 150|0x0000000089600000, 0x0000000089600000, 0x0000000089700000|  0%| F|  |TAMS 0x0000000089600000, 0x0000000089600000| Untracked 
| 151|0x0000000089700000, 0x0000000089700000, 0x0000000089800000|  0%| F|  |TAMS 0x0000000089700000, 0x0000000089700000| Untracked 
| 152|0x0000000089800000, 0x0000000089800000, 0x0000000089900000|  0%| F|  |TAMS 0x0000000089800000, 0x0000000089800000| Untracked 
| 153|0x0000000089900000, 0x0000000089900000, 0x0000000089a00000|  0%| F|  |TAMS 0x0000000089900000, 0x0000000089900000| Untracked 
| 154|0x0000000089a00000, 0x0000000089a00000, 0x0000000089b00000|  0%| F|  |TAMS 0x0000000089a00000, 0x0000000089a00000| Untracked 
| 155|0x0000000089b00000, 0x0000000089b00000, 0x0000000089c00000|  0%| F|  |TAMS 0x0000000089b00000, 0x0000000089b00000| Untracked 
| 156|0x0000000089c00000, 0x0000000089c00000, 0x0000000089d00000|  0%| F|  |TAMS 0x0000000089c00000, 0x0000000089c00000| Untracked 
| 157|0x0000000089d00000, 0x0000000089d00000, 0x0000000089e00000|  0%| F|  |TAMS 0x0000000089d00000, 0x0000000089d00000| Untracked 
| 158|0x0000000089e00000, 0x0000000089e31a80, 0x0000000089f00000| 19%| S|CS|TAMS 0x0000000089e00000, 0x0000000089e00000| Complete 
| 159|0x0000000089f00000, 0x000000008a000000, 0x000000008a000000|100%| S|CS|TAMS 0x0000000089f00000, 0x0000000089f00000| Complete 
| 160|0x000000008a000000, 0x000000008a100000, 0x000000008a100000|100%| S|CS|TAMS 0x000000008a000000, 0x000000008a000000| Complete 
| 161|0x000000008a100000, 0x000000008a200000, 0x000000008a200000|100%| S|CS|TAMS 0x000000008a100000, 0x000000008a100000| Complete 
| 162|0x000000008a200000, 0x000000008a300000, 0x000000008a300000|100%| S|CS|TAMS 0x000000008a200000, 0x000000008a200000| Complete 
| 163|0x000000008a300000, 0x000000008a400000, 0x000000008a400000|100%| S|CS|TAMS 0x000000008a300000, 0x000000008a300000| Complete 
| 164|0x000000008a400000, 0x000000008a400000, 0x000000008a500000|  0%| F|  |TAMS 0x000000008a400000, 0x000000008a400000| Untracked 
| 165|0x000000008a500000, 0x000000008a500000, 0x000000008a600000|  0%| F|  |TAMS 0x000000008a500000, 0x000000008a500000| Untracked 
| 166|0x000000008a600000, 0x000000008a600000, 0x000000008a700000|  0%| F|  |TAMS 0x000000008a600000, 0x000000008a600000| Untracked 
| 167|0x000000008a700000, 0x000000008a700000, 0x000000008a800000|  0%| F|  |TAMS 0x000000008a700000, 0x000000008a700000| Untracked 
| 168|0x000000008a800000, 0x000000008a800000, 0x000000008a900000|  0%| F|  |TAMS 0x000000008a800000, 0x000000008a800000| Untracked 
| 169|0x000000008a900000, 0x000000008a900000, 0x000000008aa00000|  0%| F|  |TAMS 0x000000008a900000, 0x000000008a900000| Untracked 
| 170|0x000000008aa00000, 0x000000008aa00000, 0x000000008ab00000|  0%| F|  |TAMS 0x000000008aa00000, 0x000000008aa00000| Untracked 
| 171|0x000000008ab00000, 0x000000008ab00000, 0x000000008ac00000|  0%| F|  |TAMS 0x000000008ab00000, 0x000000008ab00000| Untracked 
| 172|0x000000008ac00000, 0x000000008ac00000, 0x000000008ad00000|  0%| F|  |TAMS 0x000000008ac00000, 0x000000008ac00000| Untracked 
| 173|0x000000008ad00000, 0x000000008ad00000, 0x000000008ae00000|  0%| F|  |TAMS 0x000000008ad00000, 0x000000008ad00000| Untracked 
| 174|0x000000008ae00000, 0x000000008ae00000, 0x000000008af00000|  0%| F|  |TAMS 0x000000008ae00000, 0x000000008ae00000| Untracked 
| 175|0x000000008af00000, 0x000000008af00000, 0x000000008b000000|  0%| F|  |TAMS 0x000000008af00000, 0x000000008af00000| Untracked 
| 176|0x000000008b000000, 0x000000008b000000, 0x000000008b100000|  0%| F|  |TAMS 0x000000008b000000, 0x000000008b000000| Untracked 
| 177|0x000000008b100000, 0x000000008b100000, 0x000000008b200000|  0%| F|  |TAMS 0x000000008b100000, 0x000000008b100000| Untracked 
| 178|0x000000008b200000, 0x000000008b200000, 0x000000008b300000|  0%| F|  |TAMS 0x000000008b200000, 0x000000008b200000| Untracked 
| 179|0x000000008b300000, 0x000000008b300000, 0x000000008b400000|  0%| F|  |TAMS 0x000000008b300000, 0x000000008b300000| Untracked 
| 180|0x000000008b400000, 0x000000008b400000, 0x000000008b500000|  0%| F|  |TAMS 0x000000008b400000, 0x000000008b400000| Untracked 
| 181|0x000000008b500000, 0x000000008b500000, 0x000000008b600000|  0%| F|  |TAMS 0x000000008b500000, 0x000000008b500000| Untracked 
| 182|0x000000008b600000, 0x000000008b600000, 0x000000008b700000|  0%| F|  |TAMS 0x000000008b600000, 0x000000008b600000| Untracked 
| 183|0x000000008b700000, 0x000000008b700000, 0x000000008b800000|  0%| F|  |TAMS 0x000000008b700000, 0x000000008b700000| Untracked 
| 184|0x000000008b800000, 0x000000008b800000, 0x000000008b900000|  0%| F|  |TAMS 0x000000008b800000, 0x000000008b800000| Untracked 
| 185|0x000000008b900000, 0x000000008b900000, 0x000000008ba00000|  0%| F|  |TAMS 0x000000008b900000, 0x000000008b900000| Untracked 
| 186|0x000000008ba00000, 0x000000008ba00000, 0x000000008bb00000|  0%| F|  |TAMS 0x000000008ba00000, 0x000000008ba00000| Untracked 
| 187|0x000000008bb00000, 0x000000008bb00000, 0x000000008bc00000|  0%| F|  |TAMS 0x000000008bb00000, 0x000000008bb00000| Untracked 
| 188|0x000000008bc00000, 0x000000008bc00000, 0x000000008bd00000|  0%| F|  |TAMS 0x000000008bc00000, 0x000000008bc00000| Untracked 
| 189|0x000000008bd00000, 0x000000008bd00000, 0x000000008be00000|  0%| F|  |TAMS 0x000000008bd00000, 0x000000008bd00000| Untracked 
| 190|0x000000008be00000, 0x000000008be00000, 0x000000008bf00000|  0%| F|  |TAMS 0x000000008be00000, 0x000000008be00000| Untracked 
| 191|0x000000008bf00000, 0x000000008bf00000, 0x000000008c000000|  0%| F|  |TAMS 0x000000008bf00000, 0x000000008bf00000| Untracked 
| 192|0x000000008c000000, 0x000000008c000000, 0x000000008c100000|  0%| F|  |TAMS 0x000000008c000000, 0x000000008c000000| Untracked 
| 193|0x000000008c100000, 0x000000008c100000, 0x000000008c200000|  0%| F|  |TAMS 0x000000008c100000, 0x000000008c100000| Untracked 
| 194|0x000000008c200000, 0x000000008c200000, 0x000000008c300000|  0%| F|  |TAMS 0x000000008c200000, 0x000000008c200000| Untracked 
| 195|0x000000008c300000, 0x000000008c300000, 0x000000008c400000|  0%| F|  |TAMS 0x000000008c300000, 0x000000008c300000| Untracked 
| 196|0x000000008c400000, 0x000000008c400000, 0x000000008c500000|  0%| F|  |TAMS 0x000000008c400000, 0x000000008c400000| Untracked 
| 197|0x000000008c500000, 0x000000008c500000, 0x000000008c600000|  0%| F|  |TAMS 0x000000008c500000, 0x000000008c500000| Untracked 
| 198|0x000000008c600000, 0x000000008c600000, 0x000000008c700000|  0%| F|  |TAMS 0x000000008c600000, 0x000000008c600000| Untracked 
| 199|0x000000008c700000, 0x000000008c700000, 0x000000008c800000|  0%| F|  |TAMS 0x000000008c700000, 0x000000008c700000| Untracked 
| 200|0x000000008c800000, 0x000000008c800000, 0x000000008c900000|  0%| F|  |TAMS 0x000000008c800000, 0x000000008c800000| Untracked 
| 201|0x000000008c900000, 0x000000008c900000, 0x000000008ca00000|  0%| F|  |TAMS 0x000000008c900000, 0x000000008c900000| Untracked 
| 202|0x000000008ca00000, 0x000000008ca00000, 0x000000008cb00000|  0%| F|  |TAMS 0x000000008ca00000, 0x000000008ca00000| Untracked 
| 203|0x000000008cb00000, 0x000000008cb00000, 0x000000008cc00000|  0%| F|  |TAMS 0x000000008cb00000, 0x000000008cb00000| Untracked 
| 204|0x000000008cc00000, 0x000000008cc00000, 0x000000008cd00000|  0%| F|  |TAMS 0x000000008cc00000, 0x000000008cc00000| Untracked 
| 205|0x000000008cd00000, 0x000000008cd00000, 0x000000008ce00000|  0%| F|  |TAMS 0x000000008cd00000, 0x000000008cd00000| Untracked 
| 206|0x000000008ce00000, 0x000000008ce00000, 0x000000008cf00000|  0%| F|  |TAMS 0x000000008ce00000, 0x000000008ce00000| Untracked 
| 207|0x000000008cf00000, 0x000000008cf00000, 0x000000008d000000|  0%| F|  |TAMS 0x000000008cf00000, 0x000000008cf00000| Untracked 
| 208|0x000000008d000000, 0x000000008d000000, 0x000000008d100000|  0%| F|  |TAMS 0x000000008d000000, 0x000000008d000000| Untracked 
| 209|0x000000008d100000, 0x000000008d100000, 0x000000008d200000|  0%| F|  |TAMS 0x000000008d100000, 0x000000008d100000| Untracked 
| 210|0x000000008d200000, 0x000000008d200000, 0x000000008d300000|  0%| F|  |TAMS 0x000000008d200000, 0x000000008d200000| Untracked 
| 211|0x000000008d300000, 0x000000008d300000, 0x000000008d400000|  0%| F|  |TAMS 0x000000008d300000, 0x000000008d300000| Untracked 
| 212|0x000000008d400000, 0x000000008d400000, 0x000000008d500000|  0%| F|  |TAMS 0x000000008d400000, 0x000000008d400000| Untracked 
| 213|0x000000008d500000, 0x000000008d500000, 0x000000008d600000|  0%| F|  |TAMS 0x000000008d500000, 0x000000008d500000| Untracked 
| 214|0x000000008d600000, 0x000000008d600000, 0x000000008d700000|  0%| F|  |TAMS 0x000000008d600000, 0x000000008d600000| Untracked 
| 215|0x000000008d700000, 0x000000008d700000, 0x000000008d800000|  0%| F|  |TAMS 0x000000008d700000, 0x000000008d700000| Untracked 
| 216|0x000000008d800000, 0x000000008d800000, 0x000000008d900000|  0%| F|  |TAMS 0x000000008d800000, 0x000000008d800000| Untracked 
| 217|0x000000008d900000, 0x000000008d900000, 0x000000008da00000|  0%| F|  |TAMS 0x000000008d900000, 0x000000008d900000| Untracked 
| 218|0x000000008da00000, 0x000000008da00000, 0x000000008db00000|  0%| F|  |TAMS 0x000000008da00000, 0x000000008da00000| Untracked 
| 219|0x000000008db00000, 0x000000008db00000, 0x000000008dc00000|  0%| F|  |TAMS 0x000000008db00000, 0x000000008db00000| Untracked 
| 220|0x000000008dc00000, 0x000000008dc00000, 0x000000008dd00000|  0%| F|  |TAMS 0x000000008dc00000, 0x000000008dc00000| Untracked 
| 221|0x000000008dd00000, 0x000000008dd00000, 0x000000008de00000|  0%| F|  |TAMS 0x000000008dd00000, 0x000000008dd00000| Untracked 
| 222|0x000000008de00000, 0x000000008de00000, 0x000000008df00000|  0%| F|  |TAMS 0x000000008de00000, 0x000000008de00000| Untracked 
| 223|0x000000008df00000, 0x000000008df00000, 0x000000008e000000|  0%| F|  |TAMS 0x000000008df00000, 0x000000008df00000| Untracked 
| 224|0x000000008e000000, 0x000000008e000000, 0x000000008e100000|  0%| F|  |TAMS 0x000000008e000000, 0x000000008e000000| Untracked 
| 225|0x000000008e100000, 0x000000008e100000, 0x000000008e200000|  0%| F|  |TAMS 0x000000008e100000, 0x000000008e100000| Untracked 
| 226|0x000000008e200000, 0x000000008e200000, 0x000000008e300000|  0%| F|  |TAMS 0x000000008e200000, 0x000000008e200000| Untracked 
| 227|0x000000008e300000, 0x000000008e300000, 0x000000008e400000|  0%| F|  |TAMS 0x000000008e300000, 0x000000008e300000| Untracked 
| 228|0x000000008e400000, 0x000000008e400000, 0x000000008e500000|  0%| F|  |TAMS 0x000000008e400000, 0x000000008e400000| Untracked 
| 229|0x000000008e500000, 0x000000008e500000, 0x000000008e600000|  0%| F|  |TAMS 0x000000008e500000, 0x000000008e500000| Untracked 
| 230|0x000000008e600000, 0x000000008e600000, 0x000000008e700000|  0%| F|  |TAMS 0x000000008e600000, 0x000000008e600000| Untracked 
| 231|0x000000008e700000, 0x000000008e700000, 0x000000008e800000|  0%| F|  |TAMS 0x000000008e700000, 0x000000008e700000| Untracked 
| 232|0x000000008e800000, 0x000000008e800000, 0x000000008e900000|  0%| F|  |TAMS 0x000000008e800000, 0x000000008e800000| Untracked 
| 233|0x000000008e900000, 0x000000008e900000, 0x000000008ea00000|  0%| F|  |TAMS 0x000000008e900000, 0x000000008e900000| Untracked 
| 234|0x000000008ea00000, 0x000000008ea80800, 0x000000008eb00000| 50%| E|  |TAMS 0x000000008ea00000, 0x000000008ea00000| Complete 
| 235|0x000000008eb00000, 0x000000008ec00000, 0x000000008ec00000|100%| E|CS|TAMS 0x000000008eb00000, 0x000000008eb00000| Complete 
| 236|0x000000008ec00000, 0x000000008ed00000, 0x000000008ed00000|100%| E|CS|TAMS 0x000000008ec00000, 0x000000008ec00000| Complete 
| 237|0x000000008ed00000, 0x000000008ee00000, 0x000000008ee00000|100%| E|CS|TAMS 0x000000008ed00000, 0x000000008ed00000| Complete 
| 238|0x000000008ee00000, 0x000000008ef00000, 0x000000008ef00000|100%| E|CS|TAMS 0x000000008ee00000, 0x000000008ee00000| Complete 
| 239|0x000000008ef00000, 0x000000008f000000, 0x000000008f000000|100%| E|CS|TAMS 0x000000008ef00000, 0x000000008ef00000| Complete 
| 240|0x000000008f000000, 0x000000008f100000, 0x000000008f100000|100%| E|CS|TAMS 0x000000008f000000, 0x000000008f000000| Complete 
| 241|0x000000008f100000, 0x000000008f200000, 0x000000008f200000|100%| E|CS|TAMS 0x000000008f100000, 0x000000008f100000| Complete 
| 242|0x000000008f200000, 0x000000008f300000, 0x000000008f300000|100%| E|CS|TAMS 0x000000008f200000, 0x000000008f200000| Complete 
| 243|0x000000008f300000, 0x000000008f400000, 0x000000008f400000|100%| E|CS|TAMS 0x000000008f300000, 0x000000008f300000| Complete 
| 244|0x000000008f400000, 0x000000008f500000, 0x000000008f500000|100%| E|CS|TAMS 0x000000008f400000, 0x000000008f400000| Complete 
| 245|0x000000008f500000, 0x000000008f600000, 0x000000008f600000|100%| E|CS|TAMS 0x000000008f500000, 0x000000008f500000| Complete 
| 246|0x000000008f600000, 0x000000008f700000, 0x000000008f700000|100%| E|CS|TAMS 0x000000008f600000, 0x000000008f600000| Complete 
| 247|0x000000008f700000, 0x000000008f800000, 0x000000008f800000|100%| E|CS|TAMS 0x000000008f700000, 0x000000008f700000| Complete 
| 248|0x000000008f800000, 0x000000008f900000, 0x000000008f900000|100%| E|CS|TAMS 0x000000008f800000, 0x000000008f800000| Complete 
| 249|0x000000008f900000, 0x000000008fa00000, 0x000000008fa00000|100%| E|CS|TAMS 0x000000008f900000, 0x000000008f900000| Complete 
| 250|0x000000008fa00000, 0x000000008fb00000, 0x000000008fb00000|100%| E|CS|TAMS 0x000000008fa00000, 0x000000008fa00000| Complete 
| 251|0x000000008fb00000, 0x000000008fc00000, 0x000000008fc00000|100%| E|CS|TAMS 0x000000008fb00000, 0x000000008fb00000| Complete 
| 252|0x000000008fc00000, 0x000000008fd00000, 0x000000008fd00000|100%| E|CS|TAMS 0x000000008fc00000, 0x000000008fc00000| Complete 
| 253|0x000000008fd00000, 0x000000008fe00000, 0x000000008fe00000|100%| E|CS|TAMS 0x000000008fd00000, 0x000000008fd00000| Complete 

Card table byte_map: [0x000002cd5b4f0000,0x000002cd5b8f0000] _byte_map_base: 0x000002cd5b0f0000

Marking Bits (Prev, Next): (CMBitMap*) 0x000002cd463e90d0, (CMBitMap*) 0x000002cd463e9098
 Prev Bits: [0x000002cd5dcf0000, 0x000002cd5fcf0000)
 Next Bits: [0x000002cd5bcf0000, 0x000002cd5dcf0000)

Polling page: 0x000002cd4b660000

Metaspace:

Usage:
  Non-class:    124.54 MB capacity,   122.38 MB ( 98%) used,     1.68 MB (  1%) free+waste,   492.19 KB ( <1%) overhead. 
      Class:     18.60 MB capacity,    17.16 MB ( 92%) used,     1.23 MB (  7%) free+waste,   213.75 KB (  1%) overhead. 
       Both:    143.14 MB capacity,   139.54 MB ( 97%) used,     2.91 MB (  2%) free+waste,   705.94 KB ( <1%) overhead. 

Virtual space:
  Non-class space:      126.00 MB reserved,     125.80 MB (>99%) committed 
      Class space:        1.00 GB reserved,      18.92 MB (  2%) committed 
             Both:        1.12 GB reserved,     144.72 MB ( 13%) committed 

Chunk freelists:
   Non-Class:  1.26 MB
       Class:  314.00 KB
        Both:  1.57 MB

MaxMetaspaceSize: 17179869184.00 GB
CompressedClassSpaceSize: 1.00 GB

CodeHeap 'non-profiled nmethods': size=120000Kb used=18681Kb max_used=18681Kb free=101319Kb
 bounds [0x000002cd53150000, 0x000002cd543a0000, 0x000002cd5a680000]
CodeHeap 'profiled nmethods': size=120000Kb used=54776Kb max_used=54776Kb free=65223Kb
 bounds [0x000002cd4bc20000, 0x000002cd4f1c0000, 0x000002cd53150000]
CodeHeap 'non-nmethods': size=5760Kb used=2403Kb max_used=2493Kb free=3356Kb
 bounds [0x000002cd4b680000, 0x000002cd4b900000, 0x000002cd4bc20000]
 total_blobs=25935 nmethods=24896 adapters=948
 compilation: enabled
              stopped_count=0, restarted_count=0
 full_count=0

Compilation events (20 events):
Event: 13656.100 Thread 0x000002cd630b6800 27303       4       sun.reflect.generics.parser.SignatureParser::skipIdentifier (67 bytes)
Event: 13656.105 Thread 0x000002cd630b6800 nmethod 27303 0x000002cd54381590 code [0x000002cd54381740, 0x000002cd54381a78]
Event: 13656.105 Thread 0x000002cd630b6800 27273       4       com.google.common.collect.RegularImmutableMap::fromEntryArray (201 bytes)
Event: 13656.112 Thread 0x000002cd630ba800 27305       3       java.util.ComparableTimSort::mergeHi (729 bytes)
Event: 13656.114 Thread 0x000002cd630ba800 nmethod 27305 0x000002cd4f1b4990 code [0x000002cd4f1b4d40, 0x000002cd4f1b7458]
Event: 13656.114 Thread 0x000002cd7083e000 nmethod 27199 0x000002cd54381e10 code [0x000002cd543826e0, 0x000002cd54389220]
Event: 13656.114 Thread 0x000002cd7083e000 27256       4       org.codehaus.groovy.reflection.CachedMethod::compareTo (25 bytes)
Event: 13656.126 Thread 0x000002cd630ba800 27308   !   2       org.codehaus.groovy.reflection.stdclasses.CachedSAMClass::hasUsableImplementation (72 bytes)
Event: 13656.127 Thread 0x000002cd630ba800 nmethod 27308 0x000002cd4f1b7c90 code [0x000002cd4f1b7e80, 0x000002cd4f1b80f8]
Event: 13656.127 Thread 0x000002cd630ba800 27309       2       java.lang.Class::getMethod (59 bytes)
Event: 13656.128 Thread 0x000002cd630ba800 nmethod 27309 0x000002cd4f1b8390 code [0x000002cd4f1b85e0, 0x000002cd4f1b8b28]
Event: 13656.130 Thread 0x000002cd630b6800 nmethod 27273 0x000002cd5438d610 code [0x000002cd5438d860, 0x000002cd5438eb08]
Event: 13656.130 Thread 0x000002cd630b6800 27307       4       java.lang.Class::reflectionData (43 bytes)
Event: 13656.135 Thread 0x000002cd630b6800 nmethod 27307 0x000002cd5438f490 code [0x000002cd5438f660, 0x000002cd5438fb18]
Event: 13656.135 Thread 0x000002cd630b6800 27304       4       java.lang.Class::privateGetDeclaredMethods (64 bytes)
Event: 13656.153 Thread 0x000002cd630b6800 nmethod 27304 0x000002cd5438fd10 code [0x000002cd5438ff40, 0x000002cd54390e08]
Event: 13656.153 Thread 0x000002cd630b6800 27310       4       java.lang.Class::getMethod (59 bytes)
Event: 13656.158 Thread 0x000002cd630ba800 27313       3       org.codehaus.groovy.reflection.CachedClass$1$$Lambda$281/0x00000001004aa440::run (8 bytes)
Event: 13656.158 Thread 0x000002cd630ba800 nmethod 27313 0x000002cd4f1b8e10 code [0x000002cd4f1b8fc0, 0x000002cd4f1b90e8]
Event: 13656.158 Thread 0x000002cd630ba800 27314       3       org.codehaus.groovy.reflection.CachedClass$1::lambda$initValue$2 (47 bytes)

GC Heap History (20 events):
Event: 5131.083 GC heap before
{Heap before GC invocations=65 (full 0):
 garbage-first heap   total 262144K, used 209678K [0x0000000080000000, 0x0000000100000000)
  region size 1024K, 72 young (73728K), 1 survivors (1024K)
 Metaspace       used 143569K, capacity 147788K, committed 147940K, reserved 1177600K
  class space    used 17708K, capacity 19297K, committed 19376K, reserved 1048576K
}
Event: 5131.092 GC heap after
{Heap after GC invocations=66 (full 0):
 garbage-first heap   total 262144K, used 142116K [0x0000000080000000, 0x0000000100000000)
  region size 1024K, 9 young (9216K), 9 survivors (9216K)
 Metaspace       used 143569K, capacity 147788K, committed 147940K, reserved 1177600K
  class space    used 17708K, capacity 19297K, committed 19376K, reserved 1048576K
}
Event: 5131.098 GC heap before
{Heap before GC invocations=66 (full 0):
 garbage-first heap   total 262144K, used 144164K [0x0000000080000000, 0x0000000100000000)
  region size 1024K, 12 young (12288K), 9 survivors (9216K)
 Metaspace       used 143572K, capacity 147788K, committed 147940K, reserved 1177600K
  class space    used 17708K, capacity 19297K, committed 19376K, reserved 1048576K
}
Event: 5131.110 GC heap after
{Heap after GC invocations=67 (full 0):
 garbage-first heap   total 262144K, used 128263K [0x0000000080000000, 0x0000000100000000)
  region size 1024K, 2 young (2048K), 2 survivors (2048K)
 Metaspace       used 143572K, capacity 147788K, committed 147940K, reserved 1177600K
  class space    used 17708K, capacity 19297K, committed 19376K, reserved 1048576K
}
Event: 5131.171 GC heap before
{Heap before GC invocations=67 (full 0):
 garbage-first heap   total 262144K, used 145671K [0x0000000080000000, 0x0000000100000000)
  region size 1024K, 20 young (20480K), 2 survivors (2048K)
 Metaspace       used 143606K, capacity 147788K, committed 147940K, reserved 1177600K
  class space    used 17708K, capacity 19297K, committed 19376K, reserved 1048576K
}
Event: 5131.182 GC heap after
{Heap after GC invocations=68 (full 0):
 garbage-first heap   total 262144K, used 137140K [0x0000000080000000, 0x0000000100000000)
  region size 1024K, 9 young (9216K), 9 survivors (9216K)
 Metaspace       used 143606K, capacity 147788K, committed 147940K, reserved 1177600K
  class space    used 17708K, capacity 19297K, committed 19376K, reserved 1048576K
}
Event: 5132.306 GC heap before
{Heap before GC invocations=69 (full 0):
 garbage-first heap   total 262144K, used 201652K [0x0000000080000000, 0x0000000100000000)
  region size 1024K, 58 young (59392K), 9 survivors (9216K)
 Metaspace       used 143673K, capacity 147920K, committed 148196K, reserved 1177600K
  class space    used 17708K, capacity 19297K, committed 19376K, reserved 1048576K
}
Event: 5132.316 GC heap after
{Heap after GC invocations=70 (full 0):
 garbage-first heap   total 262144K, used 142958K [0x0000000080000000, 0x0000000100000000)
  region size 1024K, 7 young (7168K), 7 survivors (7168K)
 Metaspace       used 143673K, capacity 147920K, committed 148196K, reserved 1177600K
  class space    used 17708K, capacity 19297K, committed 19376K, reserved 1048576K
}
Event: 5132.376 GC heap before
{Heap before GC invocations=70 (full 0):
 garbage-first heap   total 262144K, used 148078K [0x0000000080000000, 0x0000000100000000)
  region size 1024K, 12 young (12288K), 7 survivors (7168K)
 Metaspace       used 143674K, capacity 147920K, committed 148196K, reserved 1177600K
  class space    used 17708K, capacity 19297K, committed 19376K, reserved 1048576K
}
Event: 5132.384 GC heap after
{Heap after GC invocations=71 (full 0):
 garbage-first heap   total 262144K, used 130345K [0x0000000080000000, 0x0000000100000000)
  region size 1024K, 2 young (2048K), 2 survivors (2048K)
 Metaspace       used 143674K, capacity 147920K, committed 148196K, reserved 1177600K
  class space    used 17708K, capacity 19297K, committed 19376K, reserved 1048576K
}
Event: 5132.517 GC heap before
{Heap before GC invocations=71 (full 0):
 garbage-first heap   total 262144K, used 149801K [0x0000000080000000, 0x0000000100000000)
  region size 1024K, 23 young (23552K), 2 survivors (2048K)
 Metaspace       used 143685K, capacity 147922K, committed 148196K, reserved 1177600K
  class space    used 17708K, capacity 19297K, committed 19376K, reserved 1048576K
}
Event: 5132.522 GC heap after
{Heap after GC invocations=72 (full 0):
 garbage-first heap   total 262144K, used 130177K [0x0000000080000000, 0x0000000100000000)
  region size 1024K, 2 young (2048K), 2 survivors (2048K)
 Metaspace       used 143685K, capacity 147922K, committed 148196K, reserved 1177600K
  class space    used 17708K, capacity 19297K, committed 19376K, reserved 1048576K
}
Event: 8131.948 GC heap before
{Heap before GC invocations=73 (full 0):
 garbage-first heap   total 262144K, used 193665K [0x0000000080000000, 0x0000000100000000)
  region size 1024K, 60 young (61440K), 2 survivors (2048K)
 Metaspace       used 143707K, capacity 147925K, committed 148196K, reserved 1177600K
  class space    used 17708K, capacity 19297K, committed 19376K, reserved 1048576K
}
Event: 8131.953 GC heap after
{Heap after GC invocations=74 (full 0):
 garbage-first heap   total 262144K, used 124644K [0x0000000080000000, 0x0000000100000000)
  region size 1024K, 1 young (1024K), 1 survivors (1024K)
 Metaspace       used 143707K, capacity 147925K, committed 148196K, reserved 1177600K
  class space    used 17708K, capacity 19297K, committed 19376K, reserved 1048576K
}
Event: 8761.959 GC heap before
{Heap before GC invocations=74 (full 0):
 garbage-first heap   total 262144K, used 135908K [0x0000000080000000, 0x0000000100000000)
  region size 1024K, 12 young (12288K), 1 survivors (1024K)
 Metaspace       used 143708K, capacity 147925K, committed 148196K, reserved 1177600K
  class space    used 17708K, capacity 19297K, committed 19376K, reserved 1048576K
}
Event: 8762.017 GC heap after
{Heap after GC invocations=75 (full 0):
 garbage-first heap   total 262144K, used 107670K [0x0000000080000000, 0x0000000100000000)
  region size 1024K, 1 young (1024K), 1 survivors (1024K)
 Metaspace       used 143708K, capacity 147925K, committed 148196K, reserved 1177600K
  class space    used 17708K, capacity 19297K, committed 19376K, reserved 1048576K
}
Event: 12362.021 GC heap before
{Heap before GC invocations=75 (full 0):
 garbage-first heap   total 262144K, used 171158K [0x0000000080000000, 0x0000000100000000)
  region size 1024K, 64 young (65536K), 1 survivors (1024K)
 Metaspace       used 143798K, capacity 148049K, committed 148196K, reserved 1177600K
  class space    used 17731K, capacity 19341K, committed 19376K, reserved 1048576K
}
Event: 12362.322 GC heap after
{Heap after GC invocations=76 (full 1):
 garbage-first heap   total 260096K, used 74835K [0x0000000080000000, 0x0000000100000000)
  region size 1024K, 0 young (0K), 0 survivors (0K)
 Metaspace       used 142663K, capacity 146297K, committed 148196K, reserved 1177600K
  class space    used 17542K, capacity 18991K, committed 19376K, reserved 1048576K
}
Event: 13656.071 GC heap before
{Heap before GC invocations=76 (full 1):
 garbage-first heap   total 260096K, used 165971K [0x0000000080000000, 0x0000000100000000)
  region size 1024K, 90 young (92160K), 0 survivors (0K)
 Metaspace       used 142880K, capacity 146574K, committed 148196K, reserved 1177600K
  class space    used 17572K, capacity 19046K, committed 19376K, reserved 1048576K
}
Event: 13656.088 GC heap after
{Heap after GC invocations=77 (full 1):
 garbage-first heap   total 260096K, used 80154K [0x0000000080000000, 0x0000000100000000)
  region size 1024K, 6 young (6144K), 6 survivors (6144K)
 Metaspace       used 142880K, capacity 146574K, committed 148196K, reserved 1177600K
  class space    used 17572K, capacity 19046K, committed 19376K, reserved 1048576K
}

Deoptimization events (20 events):
Event: 13656.024 Thread 0x000002cd70835800 Uncommon trap: trap_request=0xffffff7e fr.pc=0x000002cd542d9b80 relative=0x0000000000001020
Event: 13656.024 Thread 0x000002cd70835800 Uncommon trap: reason=predicate action=maybe_recompile pc=0x000002cd542d9b80 method=com.google.common.collect.RegularImmutableMap.fromEntryArray(I[Ljava/util/Map$Entry;)Lcom/google/common/collect/ImmutableMap; @ 59 c2
Event: 13656.024 Thread 0x000002cd70835800 DEOPT PACKING pc=0x000002cd542d9b80 sp=0x000000eece0f87c0
Event: 13656.024 Thread 0x000002cd70835800 DEOPT UNPACKING pc=0x000002cd4b6a662f sp=0x000000eece0f8778 mode 2
Event: 13656.024 Thread 0x000002cd70835800 Uncommon trap: trap_request=0xffffffbe fr.pc=0x000002cd5420e760 relative=0x0000000000000fa0
Event: 13656.024 Thread 0x000002cd70835800 Uncommon trap: reason=profile_predicate action=maybe_recompile pc=0x000002cd5420e760 method=com.google.common.collect.RegularImmutableMap.fromEntryArray(I[Ljava/util/Map$Entry;)Lcom/google/common/collect/ImmutableMap; @ 56 c2
Event: 13656.024 Thread 0x000002cd70835800 DEOPT PACKING pc=0x000002cd5420e760 sp=0x000000eece0f87b0
Event: 13656.024 Thread 0x000002cd70835800 DEOPT UNPACKING pc=0x000002cd4b6a662f sp=0x000000eece0f8788 mode 2
Event: 13656.093 Thread 0x000002cd70835800 Uncommon trap: trap_request=0xffffff4d fr.pc=0x000002cd54366270 relative=0x0000000000001af0
Event: 13656.093 Thread 0x000002cd70835800 Uncommon trap: reason=unstable_if action=reinterpret pc=0x000002cd54366270 method=sun.reflect.generics.parser.SignatureParser.parseZeroOrMoreTypeSignatures()[Lsun/reflect/generics/tree/TypeSignature; @ 18 c2
Event: 13656.093 Thread 0x000002cd70835800 DEOPT PACKING pc=0x000002cd54366270 sp=0x000000eece0f9660
Event: 13656.093 Thread 0x000002cd70835800 DEOPT UNPACKING pc=0x000002cd4b6a662f sp=0x000000eece0f9178 mode 2
Event: 13656.126 Thread 0x000002cd70835800 Uncommon trap: trap_request=0xfffffff4 fr.pc=0x000002cd535c54e4 relative=0x0000000000004f04
Event: 13656.126 Thread 0x000002cd70835800 Uncommon trap: reason=null_check action=make_not_entrant pc=0x000002cd535c54e4 method=java.lang.PublicMethods$MethodList.getMostSpecific()Ljava/lang/reflect/Method; @ 41 c2
Event: 13656.126 Thread 0x000002cd70835800 DEOPT PACKING pc=0x000002cd535c54e4 sp=0x000000eece0f4bc0
Event: 13656.126 Thread 0x000002cd70835800 DEOPT UNPACKING pc=0x000002cd4b6a662f sp=0x000000eece0f4a90 mode 2
Event: 13656.126 Thread 0x000002cd70835800 Uncommon trap: trap_request=0xfffffff4 fr.pc=0x000002cd535ba8e0 relative=0x00000000000025a0
Event: 13656.126 Thread 0x000002cd70835800 Uncommon trap: reason=null_check action=make_not_entrant pc=0x000002cd535ba8e0 method=java.lang.PublicMethods$MethodList.getMostSpecific()Ljava/lang/reflect/Method; @ 41 c2
Event: 13656.126 Thread 0x000002cd70835800 DEOPT PACKING pc=0x000002cd535ba8e0 sp=0x000000eece0f4b60
Event: 13656.126 Thread 0x000002cd70835800 DEOPT UNPACKING pc=0x000002cd4b6a662f sp=0x000000eece0f4a78 mode 2

Classes redefined (0 events):
No events

Internal exceptions (20 events):
Event: 13655.750 Thread 0x000002cd70835800 Implicit null exception at 0x000002cd5366cc44 to 0x000002cd5367085c
Event: 13655.752 Thread 0x000002cd70835800 Implicit null exception at 0x000002cd535b6a55 to 0x000002cd535b6dfc
Event: 13655.753 Thread 0x000002cd70835800 Implicit null exception at 0x000002cd5343cd9b to 0x000002cd5343ce64
Event: 13655.829 Thread 0x000002cd70839000 Exception <a 'java/lang/NoSuchMethodError'{0x000000008e654a88}: <clinit>> (0x000000008e654a88) thrown at [./src/hotspot/share/prims/jni.cpp, line 1362]
Event: 13655.829 Thread 0x000002cd70839000 Exception <a 'java/lang/NoSuchMethodError'{0x000000008e656180}: <clinit>> (0x000000008e656180) thrown at [./src/hotspot/share/prims/jni.cpp, line 1362]
Event: 13655.830 Thread 0x000002cd70839000 Exception <a 'java/lang/NoSuchMethodError'{0x000000008e664c80}: <clinit>> (0x000000008e664c80) thrown at [./src/hotspot/share/prims/jni.cpp, line 1362]
Event: 13655.830 Thread 0x000002cd70839000 Exception <a 'java/lang/NoSuchMethodError'{0x000000008e666ad0}: <clinit>> (0x000000008e666ad0) thrown at [./src/hotspot/share/prims/jni.cpp, line 1362]
Event: 13655.832 Thread 0x000002cd70839000 Exception <a 'java/lang/NoSuchMethodError'{0x000000008d8999f0}: <clinit>> (0x000000008d8999f0) thrown at [./src/hotspot/share/prims/jni.cpp, line 1362]
Event: 13655.846 Thread 0x000002cd70835800 Implicit null exception at 0x000002cd53dcf185 to 0x000002cd53dd0328
Event: 13655.859 Thread 0x000002cd70835800 Exception <a 'java/lang/NoSuchMethodError'{0x000000008d6318e0}: 'java.lang.Object java.lang.invoke.DelegatingMethodHandle$Holder.reinvoke_L(java.lang.Object, java.lang.Object, java.lang.Object, java.lang.Object, java.lang.Object, java.lang.Object, java.lang.Object, java.lang.Object, java.lang.Object, java.lang.Object, java.lang.Object, java.lang.Object, java.lang.Object, java.lang.Object, java.lang.Object, java.lang.Object, java.lang.Object, java.lang.Object, java.lang.Object, java.lang.Object)'> (0x000000
Event: 13655.862 Thread 0x000002cd70835800 Exception <a 'java/lang/NoSuchMethodError'{0x000000008d6aab00}: 'java.lang.Object java.lang.invoke.DelegatingMethodHandle$Holder.reinvoke_L(java.lang.Object, java.lang.Object, java.lang.Object, java.lang.Object, java.lang.Object, java.lang.Object, java.lang.Object, java.lang.Object, java.lang.Object, java.lang.Object, java.lang.Object, java.lang.Object, java.lang.Object, java.lang.Object, java.lang.Object, java.lang.Object, java.lang.Object, java.lang.Object, java.lang.Object)'> (0x000000008d6aab00) thrown
Event: 13656.013 Thread 0x000002cd70839000 Exception <a 'java/lang/NoSuchMethodError'{0x000000008d8a9a38}: <clinit>> (0x000000008d8a9a38) thrown at [./src/hotspot/share/prims/jni.cpp, line 1362]
Event: 13656.015 Thread 0x000002cd70839000 Exception <a 'java/lang/NoSuchMethodError'{0x000000008aba32e0}: <clinit>> (0x000000008aba32e0) thrown at [./src/hotspot/share/prims/jni.cpp, line 1362]
Event: 13656.015 Thread 0x000002cd70839000 Exception <a 'java/lang/NoSuchMethodError'{0x000000008aba43f0}: <clinit>> (0x000000008aba43f0) thrown at [./src/hotspot/share/prims/jni.cpp, line 1362]
Event: 13656.015 Thread 0x000002cd70839000 Exception <a 'java/lang/NoSuchMethodError'{0x000000008aba56f8}: <clinit>> (0x000000008aba56f8) thrown at [./src/hotspot/share/prims/jni.cpp, line 1362]
Event: 13656.015 Thread 0x000002cd70839000 Exception <a 'java/lang/NoSuchMethodError'{0x000000008aba6718}: <clinit>> (0x000000008aba6718) thrown at [./src/hotspot/share/prims/jni.cpp, line 1362]
Event: 13656.016 Thread 0x000002cd70839000 Exception <a 'java/lang/NoSuchMethodError'{0x000000008abb9660}: <clinit>> (0x000000008abb9660) thrown at [./src/hotspot/share/prims/jni.cpp, line 1362]
Event: 13656.017 Thread 0x000002cd70839000 Exception <a 'java/lang/NoSuchMethodError'{0x000000008abc3828}: <clinit>> (0x000000008abc3828) thrown at [./src/hotspot/share/prims/jni.cpp, line 1362]
Event: 13656.018 Thread 0x000002cd70839000 Exception <a 'java/lang/NoSuchMethodError'{0x000000008aa25c78}: <clinit>> (0x000000008aa25c78) thrown at [./src/hotspot/share/prims/jni.cpp, line 1362]
Event: 13656.039 Thread 0x000002cd70835800 Exception <a 'sun/nio/fs/WindowsException'{0x000000008a858298}> (0x000000008a858298) thrown at [./src/hotspot/share/prims/jni.cpp, line 615]

Events (20 events):
Event: 13656.091 loading class groovy/runtime/metaclass/org/jetbrains/kotlin/gradle/targets/js/npm/DefaultNpmDependencyExtensionMetaClass done
Event: 13656.094 loading class groovy/runtime/metaclass/org/jetbrains/kotlin/gradle/targets/js/npm/NpmDependencyExtensionKt$defaultNpmDependencyDelegate$1MetaClass
Event: 13656.094 loading class groovy/runtime/metaclass/org/jetbrains/kotlin/gradle/targets/js/npm/NpmDependencyExtensionKt$defaultNpmDependencyDelegate$1MetaClass done
Event: 13656.096 loading class groovy/runtime/metaclass/org/jetbrains/kotlin/gradle/targets/js/npm/DefaultDevNpmDependencyExtensionMetaClass
Event: 13656.096 loading class groovy/runtime/metaclass/org/jetbrains/kotlin/gradle/targets/js/npm/DefaultDevNpmDependencyExtensionMetaClass done
Event: 13656.097 loading class groovy/runtime/metaclass/org/jetbrains/kotlin/gradle/targets/js/npm/DefaultPeerNpmDependencyExtensionMetaClass
Event: 13656.097 loading class groovy/runtime/metaclass/org/jetbrains/kotlin/gradle/targets/js/npm/DefaultPeerNpmDependencyExtensionMetaClass done
Event: 13656.098 loading class groovy/runtime/metaclass/org/jetbrains/kotlin/gradle/targets/js/npm/DefaultPeerNpmDependencyExtension$delegate$1MetaClass
Event: 13656.098 loading class groovy/runtime/metaclass/org/jetbrains/kotlin/gradle/targets/js/npm/DefaultPeerNpmDependencyExtension$delegate$1MetaClass done
Event: 13656.099 loading class groovy/runtime/metaclass/build_5hidrrr87a5yd6ny181ht7diiMetaClass
Event: 13656.099 loading class groovy/runtime/metaclass/build_5hidrrr87a5yd6ny181ht7diiMetaClass done
Event: 13656.101 loading class groovy/runtime/metaclass/build_5hidrrr87a5yd6ny181ht7dii$_run_closure1MetaClass
Event: 13656.101 loading class groovy/runtime/metaclass/build_5hidrrr87a5yd6ny181ht7dii$_run_closure1MetaClass done
Event: 13656.101 loading class groovy/runtime/metaclass/com/android/build/gradle/internal/dsl/BaseAppModuleExtension_DecoratedMetaClass
Event: 13656.101 loading class groovy/runtime/metaclass/com/android/build/gradle/internal/dsl/BaseAppModuleExtension_DecoratedMetaClass done
Event: 13656.121 loading class groovy/runtime/metaclass/build_5hidrrr87a5yd6ny181ht7dii$_run_closure1$_closure3MetaClass
Event: 13656.121 loading class groovy/runtime/metaclass/build_5hidrrr87a5yd6ny181ht7dii$_run_closure1$_closure3MetaClass done
Event: 13656.122 loading class groovy/runtime/metaclass/com/android/build/gradle/internal/dsl/DefaultConfig$AgpDecorated_DecoratedMetaClass
Event: 13656.122 loading class groovy/runtime/metaclass/com/android/build/gradle/internal/dsl/DefaultConfig$AgpDecorated_DecoratedMetaClass done
Event: 13656.159 Executing VM operation: CGC_Operation


Dynamic libraries:
0x00007ff624470000 - 0x00007ff62447a000 	G:\Android Studio\jre\bin\java.exe
0x00007ff8a0f70000 - 0x00007ff8a1165000 	C:\WINDOWS\SYSTEM32\ntdll.dll
0x00007ff89f8d0000 - 0x00007ff89f98e000 	C:\WINDOWS\System32\KERNEL32.DLL
0x00007ff89e6f0000 - 0x00007ff89e9b8000 	C:\WINDOWS\System32\KERNELBASE.dll
0x00007ff89ec10000 - 0x00007ff89ed10000 	C:\WINDOWS\System32\ucrtbase.dll
0x00007ff898930000 - 0x00007ff898949000 	G:\Android Studio\jre\bin\jli.dll
0x00007ff8a0ba0000 - 0x00007ff8a0d40000 	C:\WINDOWS\System32\USER32.dll
0x00007ff89ee50000 - 0x00007ff89ee72000 	C:\WINDOWS\System32\win32u.dll
0x00007ff89f430000 - 0x00007ff89f45b000 	C:\WINDOWS\System32\GDI32.dll
0x00007ff89eb00000 - 0x00007ff89ec0b000 	C:\WINDOWS\System32\gdi32full.dll
0x00007ff89ea60000 - 0x00007ff89eafd000 	C:\WINDOWS\System32\msvcp_win.dll
0x00007ff896200000 - 0x00007ff896217000 	G:\Android Studio\jre\bin\VCRUNTIME140.dll
0x00007ff88e890000 - 0x00007ff88eb2a000 	C:\WINDOWS\WinSxS\amd64_microsoft.windows.common-controls_6595b64144ccf1df_6.0.19041.1110_none_60b5254171f9507e\COMCTL32.dll
0x00007ff8a0e90000 - 0x00007ff8a0f2e000 	C:\WINDOWS\System32\msvcrt.dll
0x00007ff89f0a0000 - 0x00007ff89f0d0000 	C:\WINDOWS\System32\IMM32.DLL
0x00007ff87da10000 - 0x00007ff87daad000 	G:\Android Studio\jre\bin\msvcp140.dll
0x00007ff862c50000 - 0x00007ff863725000 	G:\Android Studio\jre\bin\server\jvm.dll
0x00007ff8a0910000 - 0x00007ff8a09be000 	C:\WINDOWS\System32\ADVAPI32.dll
0x00007ff8a0ae0000 - 0x00007ff8a0b7c000 	C:\WINDOWS\System32\sechost.dll
0x00007ff8a0210000 - 0x00007ff8a0335000 	C:\WINDOWS\System32\RPCRT4.dll
0x00007ff8a0b80000 - 0x00007ff8a0b88000 	C:\WINDOWS\System32\PSAPI.DLL
0x00007ff89b1f0000 - 0x00007ff89b1f9000 	C:\WINDOWS\SYSTEM32\WSOCK32.dll
0x00007ff89f030000 - 0x00007ff89f09b000 	C:\WINDOWS\System32\WS2_32.dll
0x00007ff88d9f0000 - 0x00007ff88da17000 	C:\WINDOWS\SYSTEM32\WINMM.dll
0x00007ff890c50000 - 0x00007ff890c5a000 	C:\WINDOWS\SYSTEM32\VERSION.dll
0x00007ff89c620000 - 0x00007ff89c632000 	C:\WINDOWS\SYSTEM32\kernel.appcore.dll
0x00007ff8929c0000 - 0x00007ff8929d1000 	G:\Android Studio\jre\bin\verify.dll
0x00007ff88f0d0000 - 0x00007ff88f2b4000 	C:\WINDOWS\SYSTEM32\DBGHELP.DLL
0x00007ff88ecf0000 - 0x00007ff88ed1c000 	C:\WINDOWS\SYSTEM32\dbgcore.DLL
0x00007ff89edc0000 - 0x00007ff89ee42000 	C:\WINDOWS\System32\bcryptPrimitives.dll
0x00007ff8928b0000 - 0x00007ff8928d9000 	G:\Android Studio\jre\bin\java.dll
0x00007ff89a230000 - 0x00007ff89a23b000 	G:\Android Studio\jre\bin\jimage.dll
0x00007ff892400000 - 0x00007ff892418000 	G:\Android Studio\jre\bin\zip.dll
0x00007ff89f990000 - 0x00007ff8a00d4000 	C:\WINDOWS\System32\SHELL32.dll
0x00007ff89c820000 - 0x00007ff89cfb4000 	C:\WINDOWS\SYSTEM32\windows.storage.dll
0x00007ff89f0d0000 - 0x00007ff89f424000 	C:\WINDOWS\System32\combase.dll
0x00007ff89e150000 - 0x00007ff89e17c000 	C:\WINDOWS\SYSTEM32\Wldp.dll
0x00007ff8a07c0000 - 0x00007ff8a086d000 	C:\WINDOWS\System32\SHCORE.dll
0x00007ff8a0da0000 - 0x00007ff8a0df5000 	C:\WINDOWS\System32\shlwapi.dll
0x00007ff89e630000 - 0x00007ff89e64f000 	C:\WINDOWS\SYSTEM32\profapi.dll
0x00007ff891aa0000 - 0x00007ff891aba000 	G:\Android Studio\jre\bin\net.dll
0x00007ff899240000 - 0x00007ff899349000 	C:\WINDOWS\SYSTEM32\WINHTTP.dll
0x00007ff89de40000 - 0x00007ff89deaa000 	C:\WINDOWS\system32\mswsock.dll
0x00007ff8902f0000 - 0x00007ff890304000 	G:\Android Studio\jre\bin\nio.dll
0x00007ff89a270000 - 0x00007ff89a297000 	C:\Users\k1lls\.gradle\native\e1d6ef7f7dcc3fd88c89a11ec53ec762bb8ba0a96d01ffa2cd45eb1d1d8dd5c5\windows-amd64\native-platform.dll
0x00007ff86c150000 - 0x00007ff86c294000 	C:\Users\k1lls\.gradle\native\5664cfc778a61ccfe75a443a1ab52a65af34e5dc3c78e0209fed803814484fcb\windows-amd64\native-platform-file-events.dll
0x00007ff899b50000 - 0x00007ff899b5a000 	G:\Android Studio\jre\bin\management.dll
0x00007ff899b30000 - 0x00007ff899b3d000 	G:\Android Studio\jre\bin\management_ext.dll
0x00007ff89e0a0000 - 0x00007ff89e0b8000 	C:\WINDOWS\SYSTEM32\CRYPTSP.dll
0x00007ff89d760000 - 0x00007ff89d794000 	C:\WINDOWS\system32\rsaenh.dll
0x00007ff89e9c0000 - 0x00007ff89e9e7000 	C:\WINDOWS\System32\bcrypt.dll
0x00007ff89e5b0000 - 0x00007ff89e5de000 	C:\WINDOWS\SYSTEM32\USERENV.dll
0x00007ff89e0c0000 - 0x00007ff89e0cc000 	C:\WINDOWS\SYSTEM32\CRYPTBASE.dll
0x00007ff89dad0000 - 0x00007ff89db0b000 	C:\WINDOWS\SYSTEM32\IPHLPAPI.DLL
0x00007ff8a0b90000 - 0x00007ff8a0b98000 	C:\WINDOWS\System32\NSI.dll
0x00007ff898950000 - 0x00007ff898967000 	C:\WINDOWS\SYSTEM32\dhcpcsvc6.DLL
0x00007ff899070000 - 0x00007ff89908d000 	C:\WINDOWS\SYSTEM32\dhcpcsvc.DLL
0x00007ff89db20000 - 0x00007ff89dbea000 	C:\WINDOWS\SYSTEM32\DNSAPI.dll
0x00007ff89d3f0000 - 0x00007ff89d423000 	C:\WINDOWS\SYSTEM32\ntmarta.dll
0x00007ff88f700000 - 0x00007ff88f71e000 	C:\Users\k1lls\AppData\Local\Temp\native-platform12368255742609797128dir\native-platform.dll
0x00007ff890090000 - 0x00007ff890098000 	G:\Android Studio\jre\bin\rmi.dll
0x00007ff88d8c0000 - 0x00007ff88d8d7000 	C:\WINDOWS\system32\napinsp.dll
0x00007ff88c3c0000 - 0x00007ff88c3db000 	C:\WINDOWS\system32\pnrpnsp.dll
0x00007ff885440000 - 0x00007ff885455000 	C:\WINDOWS\system32\wshbth.dll
0x00007ff89a100000 - 0x00007ff89a11d000 	C:\WINDOWS\system32\NLAapi.dll
0x00007ff88c350000 - 0x00007ff88c362000 	C:\WINDOWS\System32\winrnr.dll
0x00007ff893930000 - 0x00007ff89393a000 	C:\Windows\System32\rasadhlp.dll
0x00007ff893c10000 - 0x00007ff893c8f000 	C:\WINDOWS\System32\fwpuclnt.dll
0x00007ff88e3c0000 - 0x00007ff88e3e7000 	G:\Android Studio\jre\bin\sunec.dll

dbghelp: loaded successfully - version: 4.0.5 - missing functions: none
symbol engine: initialized successfully - sym options: 0x614 - pdb path: .;G:\Android Studio\jre\bin;C:\WINDOWS\SYSTEM32;C:\WINDOWS\WinSxS\amd64_microsoft.windows.common-controls_6595b64144ccf1df_6.0.19041.1110_none_60b5254171f9507e;G:\Android Studio\jre\bin\server;C:\Users\k1lls\.gradle\native\e1d6ef7f7dcc3fd88c89a11ec53ec762bb8ba0a96d01ffa2cd45eb1d1d8dd5c5\windows-amd64;C:\Users\k1lls\.gradle\native\5664cfc778a61ccfe75a443a1ab52a65af34e5dc3c78e0209fed803814484fcb\windows-amd64;C:\Users\k1lls\AppData\Local\Temp\native-platform12368255742609797128dir

VM Arguments:
jvm_args: --add-opens=java.base/java.util=ALL-UNNAMED --add-opens=java.base/java.lang=ALL-UNNAMED --add-opens=java.base/java.lang.invoke=ALL-UNNAMED --add-opens=java.base/java.util=ALL-UNNAMED --add-opens=java.prefs/java.util.prefs=ALL-UNNAMED --add-opens=java.prefs/java.util.prefs=ALL-UNNAMED --add-opens=java.base/java.nio.charset=ALL-UNNAMED --add-opens=java.base/java.net=ALL-UNNAMED --add-opens=java.base/java.util.concurrent.atomic=ALL-UNNAMED -Xmx2048m -Dfile.encoding=UTF-8 -Duser.country=RU -Duser.language=ru -Duser.variant 
java_command: org.gradle.launcher.daemon.bootstrap.GradleDaemon 7.2
java_class_path (initial): C:\Users\k1lls\.gradle\wrapper\dists\gradle-7.2-bin\2dnblmf4td7x66yl1d74lt32g\gradle-7.2\lib\gradle-launcher-7.2.jar
Launcher Type: SUN_STANDARD

[Global flags]
     intx CICompilerCount                          = 4                                         {product} {ergonomic}
     uint ConcGCThreads                            = 2                                         {product} {ergonomic}
     uint G1ConcRefinementThreads                  = 8                                         {product} {ergonomic}
   size_t G1HeapRegionSize                         = 1048576                                   {product} {ergonomic}
    uintx GCDrainStackTargetSize                   = 64                                        {product} {ergonomic}
   size_t InitialHeapSize                          = 268435456                                 {product} {ergonomic}
   size_t MarkStackSize                            = 4194304                                   {product} {ergonomic}
   size_t MaxHeapSize                              = 2147483648                                {product} {command line}
   size_t MaxNewSize                               = 1287651328                                {product} {ergonomic}
   size_t MinHeapDeltaBytes                        = 1048576                                   {product} {ergonomic}
    uintx NonNMethodCodeHeapSize                   = 5836300                                {pd product} {ergonomic}
    uintx NonProfiledCodeHeapSize                  = 122910970                              {pd product} {ergonomic}
    uintx ProfiledCodeHeapSize                     = 122910970                              {pd product} {ergonomic}
    uintx ReservedCodeCacheSize                    = 251658240                              {pd product} {ergonomic}
     bool SegmentedCodeCache                       = true                                      {product} {ergonomic}
     bool UseCompressedClassPointers               = true                                 {lp64_product} {ergonomic}
     bool UseCompressedOops                        = true                                 {lp64_product} {ergonomic}
     bool UseG1GC                                  = true                                      {product} {ergonomic}
     bool UseLargePagesIndividualAllocation        = false                                  {pd product} {ergonomic}

Logging:
Log output configuration:
 #0: stdout all=warning uptime,level,tags
 #1: stderr all=off uptime,level,tags

Environment Variables:
PATH=C:\WINDOWS\system32;C:\WINDOWS;C:\WINDOWS\System32\Wbem;C:\WINDOWS\System32\WindowsPowerShell\v1.0\;C:\WINDOWS\System32\OpenSSH\;C:\Program Files\NVIDIA Corporation\NVIDIA NvDLISR;G:\Git\cmd;C:\Users\k1lls\AppData\Local\Microsoft\WindowsApps;
USERNAME=k1lls
OS=Windows_NT
PROCESSOR_IDENTIFIER=Intel64 Family 6 Model 94 Stepping 3, GenuineIntel



---------------  S Y S T E M  ---------------

OS: Windows 10 , 64 bit Build 19041 (10.0.19041.1566)
OS uptime: 1 days 4:51 hours

CPU:total 8 (initial active 8) (4 cores per cpu, 2 threads per core) family 6 model 94 stepping 3 microcode 0xcc, cmov, cx8, fxsr, mmx, sse, sse2, sse3, ssse3, sse4.1, sse4.2, popcnt, avx, avx2, aes, clmul, erms, rtm, 3dnowpref, lzcnt, ht, tsc, tscinvbit, bmi1, bmi2, adx, fma

Memory: 4k page, system-wide physical 16322M (8079M free)
TotalPageFile size 20674M (AvailPageFile size 7765M)
current process WorkingSet (physical memory assigned to process): 546M, peak: 638M
current process commit charge ("private bytes"): 703M, peak: 730M

vm_info: OpenJDK 64-Bit Server VM (11.0.11+9-b60-7590822) for windows-amd64 JRE (11.0.11+9-b60-7590822), built on Jul 29 2021 21:43:44 by "builder" with MS VC++ 14.0 (VS2015)

END.
